#
# There is insufficient memory for the Java Runtime Environment to continue.
# Native memory allocation (malloc) failed to allocate 725056 bytes for Chunk::new
# Possible reasons:
#   The system is out of physical RAM or swap space
#   The process is running with CompressedOops enabled, and the Java Heap may be blocking the growth of the native heap
# Possible solutions:
#   Reduce memory load on the system
#   Increase physical memory or swap space
#   Check if swap backing store is full
#   Decrease Java heap size (-Xmx/-Xms)
#   Decrease number of Java threads
#   Decrease Java thread stack sizes (-Xss)
#   Set larger code cache with -XX:ReservedCodeCacheSize=
#   JVM is running with Zero Based Compressed Oops mode in which the Java heap is
#     placed in the first 32GB address space. The Java Heap base address is the
#     maximum limit for the native heap growth. Please use -XX:HeapBaseMinAddress
#     to set the Java Heap base and to place the Java Heap above 32GB virtual address.
# This output file may be truncated or incomplete.
#
#  Out of Memory Error (./open/src/hotspot/share/memory/arena.cpp:195), pid=17812, tid=13064
#
# JRE version: OpenJDK Runtime Environment (15.0.2+7) (build 15.0.2+7-27)
# Java VM: OpenJDK 64-Bit Server VM (15.0.2+7-27, mixed mode, tiered, compressed oops, g1 gc, windows-amd64)
# No core dump will be written. Minidumps are not enabled by default on client versions of Windows
#

---------------  S U M M A R Y ------------

Command Line: -Dfile.encoding=Cp1252 -XX:+ShowCodeDetailsInExceptionMessages com.qunhe.util.nest.jenetics.Main_Jenetics

Host: Intel(R) Core(TM) i7-7700HQ CPU @ 2.80GHz, 8 cores, 15G,  Windows 10 , 64 bit Build 19041 (10.0.19041.1645)
Time: Fri Apr 15 17:50:03 2022 ora legale Europa occidentale elapsed time: 2.043903 seconds (0d 0h 0m 2s)

---------------  T H R E A D  ---------------

Current thread (0x0000015422b66110):  JavaThread "C2 CompilerThread1" daemon [_thread_in_native, id=13064, stack(0x0000001676700000,0x0000001676800000)]


Current CompileTask:
C2:   2044 1890       4       com.qunhe.util.nest.jenetics.Model_Factory::convert (430 bytes)

Stack: [0x0000001676700000,0x0000001676800000]
Native frames: (J=compiled Java code, j=interpreted, Vv=VM code, C=native code)
V  [jvm.dll+0x62ae9a]
V  [jvm.dll+0x7817a9]
V  [jvm.dll+0x782f03]
V  [jvm.dll+0x783563]
V  [jvm.dll+0x216325]
V  [jvm.dll+0x97f3a]
V  [jvm.dll+0x9861c]
V  [jvm.dll+0x279f9f]
V  [jvm.dll+0x540794]
V  [jvm.dll+0x1f3124]
V  [jvm.dll+0x1ecaf1]
V  [jvm.dll+0x1e9867]
V  [jvm.dll+0x178567]
V  [jvm.dll+0x1f9225]
V  [jvm.dll+0x1f72cc]
V  [jvm.dll+0x74495d]
V  [jvm.dll+0x73d75a]
V  [jvm.dll+0x629c56]
C  [ucrtbase.dll+0x21bb2]
C  [KERNEL32.DLL+0x17034]
C  [ntdll.dll+0x52651]


---------------  P R O C E S S  ---------------

Threads class SMR info:
_java_thread_list=0x0000015423cae6c0, length=22, elements={
0x00000154011c58a0, 0x0000015422909130, 0x0000015422909c10, 0x0000015422928e30,
0x000001542292bb00, 0x000001542292c4c0, 0x000001542292e270, 0x000001542293a230,
0x000001542294d300, 0x0000015422abbd50, 0x0000015422aeeef0, 0x0000015422b66110,
0x000001542330dd70, 0x00000154234dea20, 0x00000154234deef0, 0x0000015423459af0,
0x0000015423459fc0, 0x000001542382ad50, 0x000001542382c040, 0x000001542382c510,
0x0000015423894990, 0x0000015423893180
}

Java Threads: ( => current thread )
  0x00000154011c58a0 JavaThread "main" [_thread_blocked, id=17756, stack(0x0000001675500000,0x0000001675600000)]
  0x0000015422909130 JavaThread "Reference Handler" daemon [_thread_blocked, id=17724, stack(0x0000001675c00000,0x0000001675d00000)]
  0x0000015422909c10 JavaThread "Finalizer" daemon [_thread_blocked, id=8068, stack(0x0000001675d00000,0x0000001675e00000)]
  0x0000015422928e30 JavaThread "Signal Dispatcher" daemon [_thread_blocked, id=17708, stack(0x0000001675e00000,0x0000001675f00000)]
  0x000001542292bb00 JavaThread "Attach Listener" daemon [_thread_blocked, id=17520, stack(0x0000001675f00000,0x0000001676000000)]
  0x000001542292c4c0 JavaThread "Service Thread" daemon [_thread_blocked, id=17680, stack(0x0000001676000000,0x0000001676100000)]
  0x000001542292e270 JavaThread "C2 CompilerThread0" daemon [_thread_in_native, id=6176, stack(0x0000001676100000,0x0000001676200000)]
  0x000001542293a230 JavaThread "C1 CompilerThread0" daemon [_thread_blocked, id=15732, stack(0x0000001676200000,0x0000001676300000)]
  0x000001542294d300 JavaThread "Sweeper thread" daemon [_thread_blocked, id=17676, stack(0x0000001676300000,0x0000001676400000)]
  0x0000015422abbd50 JavaThread "Notification Thread" daemon [_thread_blocked, id=1512, stack(0x0000001676400000,0x0000001676500000)]
  0x0000015422aeeef0 JavaThread "Common-Cleaner" daemon [_thread_blocked, id=8676, stack(0x0000001676600000,0x0000001676700000)]
=>0x0000015422b66110 JavaThread "C2 CompilerThread1" daemon [_thread_in_native, id=13064, stack(0x0000001676700000,0x0000001676800000)]
  0x000001542330dd70 JavaThread "pool-1-thread-1" [_thread_blocked, id=17688, stack(0x0000001676900000,0x0000001676a00000)]
  0x00000154234dea20 JavaThread "pool-1-thread-2" [_thread_in_Java, id=17792, stack(0x0000001676a00000,0x0000001676b00000)]
  0x00000154234deef0 JavaThread "pool-1-thread-3" [_thread_in_Java, id=7736, stack(0x0000001676b00000,0x0000001676c00000)]
  0x0000015423459af0 JavaThread "pool-1-thread-4" [_thread_blocked, id=17796, stack(0x0000001676c00000,0x0000001676d00000)]
  0x0000015423459fc0 JavaThread "pool-1-thread-5" [_thread_in_Java, id=11160, stack(0x0000001676d00000,0x0000001676e00000)]
  0x000001542382ad50 JavaThread "pool-1-thread-6" [_thread_in_Java, id=12824, stack(0x0000001676e00000,0x0000001676f00000)]
  0x000001542382c040 JavaThread "pool-1-thread-7" [_thread_in_Java, id=14752, stack(0x0000001676f00000,0x0000001677000000)]
  0x000001542382c510 JavaThread "pool-1-thread-8" [_thread_in_Java, id=17164, stack(0x0000001677000000,0x0000001677100000)]
  0x0000015423894990 JavaThread "pool-1-thread-9" [_thread_in_Java, id=17788, stack(0x0000001677100000,0x0000001677200000)]
  0x0000015423893180 JavaThread "pool-1-thread-10" [_thread_blocked, id=17808, stack(0x0000001677200000,0x0000001677300000)]

Other Threads:
  0x00000154228d2c80 VMThread "VM Thread" [stack: 0x0000001675b00000,0x0000001675c00000] [id=17440]
  0x0000015422ad2c70 WatcherThread [stack: 0x0000001676500000,0x0000001676600000] [id=6268]
  0x0000015401219490 GCTaskThread "GC Thread#0" [stack: 0x0000001675600000,0x0000001675700000] [id=17768]
  0x00000154231bb1d0 GCTaskThread "GC Thread#1" [stack: 0x0000001677300000,0x0000001677400000] [id=6076]
  0x00000154231bc4f0 GCTaskThread "GC Thread#2" [stack: 0x0000001677400000,0x0000001677500000] [id=9488]
  0x00000154231bc1c0 GCTaskThread "GC Thread#3" [stack: 0x0000001677500000,0x0000001677600000] [id=2520]
  0x00000154231bbe90 GCTaskThread "GC Thread#4" [stack: 0x0000001677600000,0x0000001677700000] [id=17912]
  0x00000154231baea0 GCTaskThread "GC Thread#5" [stack: 0x0000001677700000,0x0000001677800000] [id=10464]
  0x00000154231bab70 GCTaskThread "GC Thread#6" [stack: 0x0000001677800000,0x0000001677900000] [id=6748]
  0x00000154231bc820 GCTaskThread "GC Thread#7" [stack: 0x0000001677900000,0x0000001677a00000] [id=16368]
  0x000001540122cc70 ConcurrentGCThread "G1 Main Marker" [stack: 0x0000001675700000,0x0000001675800000] [id=17764]
  0x000001540122d800 ConcurrentGCThread "G1 Conc#0" [stack: 0x0000001675800000,0x0000001675900000] [id=17760]
  0x000001540129eb50 ConcurrentGCThread "G1 Refine#0" [stack: 0x0000001675900000,0x0000001675a00000] [id=17436]
  0x0000015421ef8a50 ConcurrentGCThread "G1 Young RemSet Sampling" [stack: 0x0000001675a00000,0x0000001675b00000] [id=17700]

Threads with active compile tasks:
C2 CompilerThread0     2082 1909       4       sun.awt.geom.AreaOp::resolveLinks (520 bytes)
C2 CompilerThread1     2082 1890       4       com.qunhe.util.nest.jenetics.Model_Factory::convert (430 bytes)

VM state: not at safepoint (normal execution)

VM Mutex/Monitor currently owned by a thread: None

Heap address: 0x0000000701c00000, size: 4068 MB, Compressed Oops mode: Zero based, Oop shift amount: 3
CDS disabled.
Compressed class space mapped at: 0x0000000800000000-0x0000000840000000, size: 1073741824
Narrow klass base: 0x0000000800000000, Narrow klass shift: 0, Narrow klass range: 0x40000000

GC Precious Log:
 CPUs: 8 total, 8 available
 Memory: 16268M
 Large Page Support: Disabled
 NUMA Support: Disabled
 Compressed Oops: Enabled (Zero based)
 Heap Region Size: 2M
 Heap Min Capacity: 8M
 Heap Initial Capacity: 256M
 Heap Max Capacity: 4068M
 Pre-touch: Disabled
 Parallel Workers: 8
 Concurrent Workers: 2
 Concurrent Refinement Workers: 8
 Periodic GC: Disabled

Heap:
 garbage-first heap   total 378880K, used 63742K [0x0000000701c00000, 0x0000000800000000)
  region size 2048K, 31 young (63488K), 1 survivors (2048K)
 Metaspace       used 13787K, capacity 14029K, committed 14208K, reserved 1062912K
  class space    used 1259K, capacity 1330K, committed 1408K, reserved 1048576K

Heap Regions: E=young(eden), S=young(survivor), O=old, HS=humongous(starts), HC=humongous(continues), CS=collection set, F=free, OA=open archive, CA=closed archive, TAMS=top-at-mark-start (previous, next)
|   0|0x0000000701c00000, 0x0000000701e00000, 0x0000000701e00000|100%| O|  |TAMS 0x0000000701c00000, 0x0000000701c00000| Untracked 
|   1|0x0000000701e00000, 0x0000000701ff0e00, 0x0000000702000000| 97%| O|  |TAMS 0x0000000701e00000, 0x0000000701e00000| Untracked 
|   2|0x0000000702000000, 0x0000000702000000, 0x0000000702200000|  0%| F|  |TAMS 0x0000000702000000, 0x0000000702000000| Untracked 
|   3|0x0000000702200000, 0x0000000702200000, 0x0000000702400000|  0%| F|  |TAMS 0x0000000702200000, 0x0000000702200000| Untracked 
|   4|0x0000000702400000, 0x0000000702400000, 0x0000000702600000|  0%| F|  |TAMS 0x0000000702400000, 0x0000000702400000| Untracked 
|   5|0x0000000702600000, 0x0000000702600000, 0x0000000702800000|  0%| F|  |TAMS 0x0000000702600000, 0x0000000702600000| Untracked 
|   6|0x0000000702800000, 0x0000000702800000, 0x0000000702a00000|  0%| F|  |TAMS 0x0000000702800000, 0x0000000702800000| Untracked 
|   7|0x0000000702a00000, 0x0000000702a00000, 0x0000000702c00000|  0%| F|  |TAMS 0x0000000702a00000, 0x0000000702a00000| Untracked 
|   8|0x0000000702c00000, 0x0000000702c00000, 0x0000000702e00000|  0%| F|  |TAMS 0x0000000702c00000, 0x0000000702c00000| Untracked 
|   9|0x0000000702e00000, 0x0000000702e00000, 0x0000000703000000|  0%| F|  |TAMS 0x0000000702e00000, 0x0000000702e00000| Untracked 
|  10|0x0000000703000000, 0x0000000703000000, 0x0000000703200000|  0%| F|  |TAMS 0x0000000703000000, 0x0000000703000000| Untracked 
|  11|0x0000000703200000, 0x0000000703200000, 0x0000000703400000|  0%| F|  |TAMS 0x0000000703200000, 0x0000000703200000| Untracked 
|  12|0x0000000703400000, 0x0000000703400000, 0x0000000703600000|  0%| F|  |TAMS 0x0000000703400000, 0x0000000703400000| Untracked 
|  13|0x0000000703600000, 0x0000000703600000, 0x0000000703800000|  0%| F|  |TAMS 0x0000000703600000, 0x0000000703600000| Untracked 
|  14|0x0000000703800000, 0x0000000703800000, 0x0000000703a00000|  0%| F|  |TAMS 0x0000000703800000, 0x0000000703800000| Untracked 
|  15|0x0000000703a00000, 0x0000000703a00000, 0x0000000703c00000|  0%| F|  |TAMS 0x0000000703a00000, 0x0000000703a00000| Untracked 
|  16|0x0000000703c00000, 0x0000000703c00000, 0x0000000703e00000|  0%| F|  |TAMS 0x0000000703c00000, 0x0000000703c00000| Untracked 
|  17|0x0000000703e00000, 0x0000000703e00000, 0x0000000704000000|  0%| F|  |TAMS 0x0000000703e00000, 0x0000000703e00000| Untracked 
|  18|0x0000000704000000, 0x0000000704000000, 0x0000000704200000|  0%| F|  |TAMS 0x0000000704000000, 0x0000000704000000| Untracked 
|  19|0x0000000704200000, 0x0000000704200000, 0x0000000704400000|  0%| F|  |TAMS 0x0000000704200000, 0x0000000704200000| Untracked 
|  20|0x0000000704400000, 0x0000000704400000, 0x0000000704600000|  0%| F|  |TAMS 0x0000000704400000, 0x0000000704400000| Untracked 
|  21|0x0000000704600000, 0x0000000704600000, 0x0000000704800000|  0%| F|  |TAMS 0x0000000704600000, 0x0000000704600000| Untracked 
|  22|0x0000000704800000, 0x0000000704800000, 0x0000000704a00000|  0%| F|  |TAMS 0x0000000704800000, 0x0000000704800000| Untracked 
|  23|0x0000000704a00000, 0x0000000704a00000, 0x0000000704c00000|  0%| F|  |TAMS 0x0000000704a00000, 0x0000000704a00000| Untracked 
|  24|0x0000000704c00000, 0x0000000704c00000, 0x0000000704e00000|  0%| F|  |TAMS 0x0000000704c00000, 0x0000000704c00000| Untracked 
|  25|0x0000000704e00000, 0x0000000704e00000, 0x0000000705000000|  0%| F|  |TAMS 0x0000000704e00000, 0x0000000704e00000| Untracked 
|  26|0x0000000705000000, 0x0000000705000000, 0x0000000705200000|  0%| F|  |TAMS 0x0000000705000000, 0x0000000705000000| Untracked 
|  27|0x0000000705200000, 0x0000000705200000, 0x0000000705400000|  0%| F|  |TAMS 0x0000000705200000, 0x0000000705200000| Untracked 
|  28|0x0000000705400000, 0x0000000705400000, 0x0000000705600000|  0%| F|  |TAMS 0x0000000705400000, 0x0000000705400000| Untracked 
|  29|0x0000000705600000, 0x0000000705600000, 0x0000000705800000|  0%| F|  |TAMS 0x0000000705600000, 0x0000000705600000| Untracked 
|  30|0x0000000705800000, 0x0000000705800000, 0x0000000705a00000|  0%| F|  |TAMS 0x0000000705800000, 0x0000000705800000| Untracked 
|  31|0x0000000705a00000, 0x0000000705a00000, 0x0000000705c00000|  0%| F|  |TAMS 0x0000000705a00000, 0x0000000705a00000| Untracked 
|  32|0x0000000705c00000, 0x0000000705c00000, 0x0000000705e00000|  0%| F|  |TAMS 0x0000000705c00000, 0x0000000705c00000| Untracked 
|  33|0x0000000705e00000, 0x0000000705e00000, 0x0000000706000000|  0%| F|  |TAMS 0x0000000705e00000, 0x0000000705e00000| Untracked 
|  34|0x0000000706000000, 0x0000000706000000, 0x0000000706200000|  0%| F|  |TAMS 0x0000000706000000, 0x0000000706000000| Untracked 
|  35|0x0000000706200000, 0x0000000706200000, 0x0000000706400000|  0%| F|  |TAMS 0x0000000706200000, 0x0000000706200000| Untracked 
|  36|0x0000000706400000, 0x0000000706400000, 0x0000000706600000|  0%| F|  |TAMS 0x0000000706400000, 0x0000000706400000| Untracked 
|  37|0x0000000706600000, 0x0000000706600000, 0x0000000706800000|  0%| F|  |TAMS 0x0000000706600000, 0x0000000706600000| Untracked 
|  38|0x0000000706800000, 0x0000000706800000, 0x0000000706a00000|  0%| F|  |TAMS 0x0000000706800000, 0x0000000706800000| Untracked 
|  39|0x0000000706a00000, 0x0000000706a00000, 0x0000000706c00000|  0%| F|  |TAMS 0x0000000706a00000, 0x0000000706a00000| Untracked 
|  40|0x0000000706c00000, 0x0000000706c00000, 0x0000000706e00000|  0%| F|  |TAMS 0x0000000706c00000, 0x0000000706c00000| Untracked 
|  41|0x0000000706e00000, 0x0000000706e00000, 0x0000000707000000|  0%| F|  |TAMS 0x0000000706e00000, 0x0000000706e00000| Untracked 
|  42|0x0000000707000000, 0x0000000707000000, 0x0000000707200000|  0%| F|  |TAMS 0x0000000707000000, 0x0000000707000000| Untracked 
|  43|0x0000000707200000, 0x0000000707200000, 0x0000000707400000|  0%| F|  |TAMS 0x0000000707200000, 0x0000000707200000| Untracked 
|  44|0x0000000707400000, 0x0000000707400000, 0x0000000707600000|  0%| F|  |TAMS 0x0000000707400000, 0x0000000707400000| Untracked 
|  45|0x0000000707600000, 0x0000000707600000, 0x0000000707800000|  0%| F|  |TAMS 0x0000000707600000, 0x0000000707600000| Untracked 
|  46|0x0000000707800000, 0x0000000707800000, 0x0000000707a00000|  0%| F|  |TAMS 0x0000000707800000, 0x0000000707800000| Untracked 
|  47|0x0000000707a00000, 0x0000000707a00000, 0x0000000707c00000|  0%| F|  |TAMS 0x0000000707a00000, 0x0000000707a00000| Untracked 
|  48|0x0000000707c00000, 0x0000000707c00000, 0x0000000707e00000|  0%| F|  |TAMS 0x0000000707c00000, 0x0000000707c00000| Untracked 
|  49|0x0000000707e00000, 0x0000000707e00000, 0x0000000708000000|  0%| F|  |TAMS 0x0000000707e00000, 0x0000000707e00000| Untracked 
|  50|0x0000000708000000, 0x0000000708000000, 0x0000000708200000|  0%| F|  |TAMS 0x0000000708000000, 0x0000000708000000| Untracked 
|  51|0x0000000708200000, 0x0000000708200000, 0x0000000708400000|  0%| F|  |TAMS 0x0000000708200000, 0x0000000708200000| Untracked 
|  52|0x0000000708400000, 0x0000000708400000, 0x0000000708600000|  0%| F|  |TAMS 0x0000000708400000, 0x0000000708400000| Untracked 
|  53|0x0000000708600000, 0x0000000708600000, 0x0000000708800000|  0%| F|  |TAMS 0x0000000708600000, 0x0000000708600000| Untracked 
|  54|0x0000000708800000, 0x0000000708800000, 0x0000000708a00000|  0%| F|  |TAMS 0x0000000708800000, 0x0000000708800000| Untracked 
|  55|0x0000000708a00000, 0x0000000708a00000, 0x0000000708c00000|  0%| F|  |TAMS 0x0000000708a00000, 0x0000000708a00000| Untracked 
|  56|0x0000000708c00000, 0x0000000708c00000, 0x0000000708e00000|  0%| F|  |TAMS 0x0000000708c00000, 0x0000000708c00000| Untracked 
|  57|0x0000000708e00000, 0x0000000708e00000, 0x0000000709000000|  0%| F|  |TAMS 0x0000000708e00000, 0x0000000708e00000| Untracked 
|  58|0x0000000709000000, 0x0000000709000000, 0x0000000709200000|  0%| F|  |TAMS 0x0000000709000000, 0x0000000709000000| Untracked 
|  59|0x0000000709200000, 0x0000000709200000, 0x0000000709400000|  0%| F|  |TAMS 0x0000000709200000, 0x0000000709200000| Untracked 
|  60|0x0000000709400000, 0x0000000709400000, 0x0000000709600000|  0%| F|  |TAMS 0x0000000709400000, 0x0000000709400000| Untracked 
|  61|0x0000000709600000, 0x0000000709600000, 0x0000000709800000|  0%| F|  |TAMS 0x0000000709600000, 0x0000000709600000| Untracked 
|  62|0x0000000709800000, 0x0000000709800000, 0x0000000709a00000|  0%| F|  |TAMS 0x0000000709800000, 0x0000000709800000| Untracked 
|  63|0x0000000709a00000, 0x0000000709a00000, 0x0000000709c00000|  0%| F|  |TAMS 0x0000000709a00000, 0x0000000709a00000| Untracked 
|  64|0x0000000709c00000, 0x0000000709c00000, 0x0000000709e00000|  0%| F|  |TAMS 0x0000000709c00000, 0x0000000709c00000| Untracked 
|  65|0x0000000709e00000, 0x0000000709e00000, 0x000000070a000000|  0%| F|  |TAMS 0x0000000709e00000, 0x0000000709e00000| Untracked 
|  66|0x000000070a000000, 0x000000070a000000, 0x000000070a200000|  0%| F|  |TAMS 0x000000070a000000, 0x000000070a000000| Untracked 
|  67|0x000000070a200000, 0x000000070a200000, 0x000000070a400000|  0%| F|  |TAMS 0x000000070a200000, 0x000000070a200000| Untracked 
|  68|0x000000070a400000, 0x000000070a400000, 0x000000070a600000|  0%| F|  |TAMS 0x000000070a400000, 0x000000070a400000| Untracked 
|  69|0x000000070a600000, 0x000000070a600000, 0x000000070a800000|  0%| F|  |TAMS 0x000000070a600000, 0x000000070a600000| Untracked 
|  70|0x000000070a800000, 0x000000070a800000, 0x000000070aa00000|  0%| F|  |TAMS 0x000000070a800000, 0x000000070a800000| Untracked 
|  71|0x000000070aa00000, 0x000000070aa00000, 0x000000070ac00000|  0%| F|  |TAMS 0x000000070aa00000, 0x000000070aa00000| Untracked 
|  72|0x000000070ac00000, 0x000000070ac00000, 0x000000070ae00000|  0%| F|  |TAMS 0x000000070ac00000, 0x000000070ac00000| Untracked 
|  73|0x000000070ae00000, 0x000000070ae4edd0, 0x000000070b000000| 15%| S|CS|TAMS 0x000000070ae00000, 0x000000070ae00000| Complete 
|  74|0x000000070b000000, 0x000000070b000000, 0x000000070b200000|  0%| F|  |TAMS 0x000000070b000000, 0x000000070b000000| Untracked 
|  75|0x000000070b200000, 0x000000070b200000, 0x000000070b400000|  0%| F|  |TAMS 0x000000070b200000, 0x000000070b200000| Untracked 
|  76|0x000000070b400000, 0x000000070b400000, 0x000000070b600000|  0%| F|  |TAMS 0x000000070b400000, 0x000000070b400000| Untracked 
|  77|0x000000070b600000, 0x000000070b600000, 0x000000070b800000|  0%| F|  |TAMS 0x000000070b600000, 0x000000070b600000| Untracked 
|  78|0x000000070b800000, 0x000000070b800000, 0x000000070ba00000|  0%| F|  |TAMS 0x000000070b800000, 0x000000070b800000| Untracked 
|  79|0x000000070ba00000, 0x000000070ba00000, 0x000000070bc00000|  0%| F|  |TAMS 0x000000070ba00000, 0x000000070ba00000| Untracked 
|  80|0x000000070bc00000, 0x000000070bc00000, 0x000000070be00000|  0%| F|  |TAMS 0x000000070bc00000, 0x000000070bc00000| Untracked 
|  81|0x000000070be00000, 0x000000070be00000, 0x000000070c000000|  0%| F|  |TAMS 0x000000070be00000, 0x000000070be00000| Untracked 
|  82|0x000000070c000000, 0x000000070c000000, 0x000000070c200000|  0%| F|  |TAMS 0x000000070c000000, 0x000000070c000000| Untracked 
|  83|0x000000070c200000, 0x000000070c200000, 0x000000070c400000|  0%| F|  |TAMS 0x000000070c200000, 0x000000070c200000| Untracked 
|  84|0x000000070c400000, 0x000000070c400000, 0x000000070c600000|  0%| F|  |TAMS 0x000000070c400000, 0x000000070c400000| Untracked 
|  85|0x000000070c600000, 0x000000070c600000, 0x000000070c800000|  0%| F|  |TAMS 0x000000070c600000, 0x000000070c600000| Untracked 
|  86|0x000000070c800000, 0x000000070c800000, 0x000000070ca00000|  0%| F|  |TAMS 0x000000070c800000, 0x000000070c800000| Untracked 
|  87|0x000000070ca00000, 0x000000070ca00000, 0x000000070cc00000|  0%| F|  |TAMS 0x000000070ca00000, 0x000000070ca00000| Untracked 
|  88|0x000000070cc00000, 0x000000070cc00000, 0x000000070ce00000|  0%| F|  |TAMS 0x000000070cc00000, 0x000000070cc00000| Untracked 
|  89|0x000000070ce00000, 0x000000070ce00000, 0x000000070d000000|  0%| F|  |TAMS 0x000000070ce00000, 0x000000070ce00000| Untracked 
|  90|0x000000070d000000, 0x000000070d000000, 0x000000070d200000|  0%| F|  |TAMS 0x000000070d000000, 0x000000070d000000| Untracked 
|  91|0x000000070d200000, 0x000000070d200000, 0x000000070d400000|  0%| F|  |TAMS 0x000000070d200000, 0x000000070d200000| Untracked 
|  92|0x000000070d400000, 0x000000070d400000, 0x000000070d600000|  0%| F|  |TAMS 0x000000070d400000, 0x000000070d400000| Untracked 
|  93|0x000000070d600000, 0x000000070d600000, 0x000000070d800000|  0%| F|  |TAMS 0x000000070d600000, 0x000000070d600000| Untracked 
|  94|0x000000070d800000, 0x000000070d800000, 0x000000070da00000|  0%| F|  |TAMS 0x000000070d800000, 0x000000070d800000| Untracked 
|  95|0x000000070da00000, 0x000000070da00000, 0x000000070dc00000|  0%| F|  |TAMS 0x000000070da00000, 0x000000070da00000| Untracked 
|  96|0x000000070dc00000, 0x000000070dc00000, 0x000000070de00000|  0%| F|  |TAMS 0x000000070dc00000, 0x000000070dc00000| Untracked 
|  97|0x000000070de00000, 0x000000070de00000, 0x000000070e000000|  0%| F|  |TAMS 0x000000070de00000, 0x000000070de00000| Untracked 
|  98|0x000000070e000000, 0x000000070e000000, 0x000000070e200000|  0%| F|  |TAMS 0x000000070e000000, 0x000000070e000000| Untracked 
|  99|0x000000070e200000, 0x000000070e200000, 0x000000070e400000|  0%| F|  |TAMS 0x000000070e200000, 0x000000070e200000| Untracked 
| 100|0x000000070e400000, 0x000000070e400000, 0x000000070e600000|  0%| F|  |TAMS 0x000000070e400000, 0x000000070e400000| Untracked 
| 101|0x000000070e600000, 0x000000070e600000, 0x000000070e800000|  0%| F|  |TAMS 0x000000070e600000, 0x000000070e600000| Untracked 
| 102|0x000000070e800000, 0x000000070e800000, 0x000000070ea00000|  0%| F|  |TAMS 0x000000070e800000, 0x000000070e800000| Untracked 
| 103|0x000000070ea00000, 0x000000070ea00000, 0x000000070ec00000|  0%| F|  |TAMS 0x000000070ea00000, 0x000000070ea00000| Untracked 
| 104|0x000000070ec00000, 0x000000070ec00000, 0x000000070ee00000|  0%| F|  |TAMS 0x000000070ec00000, 0x000000070ec00000| Untracked 
| 105|0x000000070ee00000, 0x000000070ee00000, 0x000000070f000000|  0%| F|  |TAMS 0x000000070ee00000, 0x000000070ee00000| Untracked 
| 106|0x000000070f000000, 0x000000070f000000, 0x000000070f200000|  0%| F|  |TAMS 0x000000070f000000, 0x000000070f000000| Untracked 
| 107|0x000000070f200000, 0x000000070f200000, 0x000000070f400000|  0%| F|  |TAMS 0x000000070f200000, 0x000000070f200000| Untracked 
| 108|0x000000070f400000, 0x000000070f400000, 0x000000070f600000|  0%| F|  |TAMS 0x000000070f400000, 0x000000070f400000| Untracked 
| 109|0x000000070f600000, 0x000000070f600000, 0x000000070f800000|  0%| F|  |TAMS 0x000000070f600000, 0x000000070f600000| Untracked 
| 110|0x000000070f800000, 0x000000070f800000, 0x000000070fa00000|  0%| F|  |TAMS 0x000000070f800000, 0x000000070f800000| Untracked 
| 111|0x000000070fa00000, 0x000000070fa00000, 0x000000070fc00000|  0%| F|  |TAMS 0x000000070fa00000, 0x000000070fa00000| Untracked 
| 112|0x000000070fc00000, 0x000000070fc00000, 0x000000070fe00000|  0%| F|  |TAMS 0x000000070fc00000, 0x000000070fc00000| Untracked 
| 113|0x000000070fe00000, 0x000000070fe00000, 0x0000000710000000|  0%| F|  |TAMS 0x000000070fe00000, 0x000000070fe00000| Untracked 
| 114|0x0000000710000000, 0x0000000710000000, 0x0000000710200000|  0%| F|  |TAMS 0x0000000710000000, 0x0000000710000000| Untracked 
| 115|0x0000000710200000, 0x0000000710200000, 0x0000000710400000|  0%| F|  |TAMS 0x0000000710200000, 0x0000000710200000| Untracked 
| 116|0x0000000710400000, 0x0000000710400000, 0x0000000710600000|  0%| F|  |TAMS 0x0000000710400000, 0x0000000710400000| Untracked 
| 117|0x0000000710600000, 0x0000000710600000, 0x0000000710800000|  0%| F|  |TAMS 0x0000000710600000, 0x0000000710600000| Untracked 
| 118|0x0000000710800000, 0x0000000710800000, 0x0000000710a00000|  0%| F|  |TAMS 0x0000000710800000, 0x0000000710800000| Untracked 
| 119|0x0000000710a00000, 0x0000000710a00000, 0x0000000710c00000|  0%| F|  |TAMS 0x0000000710a00000, 0x0000000710a00000| Untracked 
| 120|0x0000000710c00000, 0x0000000710c00000, 0x0000000710e00000|  0%| F|  |TAMS 0x0000000710c00000, 0x0000000710c00000| Untracked 
| 121|0x0000000710e00000, 0x0000000710e00000, 0x0000000711000000|  0%| F|  |TAMS 0x0000000710e00000, 0x0000000710e00000| Untracked 
| 122|0x0000000711000000, 0x0000000711000000, 0x0000000711200000|  0%| F|  |TAMS 0x0000000711000000, 0x0000000711000000| Untracked 
| 123|0x0000000711200000, 0x0000000711200000, 0x0000000711400000|  0%| F|  |TAMS 0x0000000711200000, 0x0000000711200000| Untracked 
| 124|0x0000000711400000, 0x0000000711400000, 0x0000000711600000|  0%| F|  |TAMS 0x0000000711400000, 0x0000000711400000| Untracked 
| 125|0x0000000711600000, 0x0000000711600000, 0x0000000711800000|  0%| F|  |TAMS 0x0000000711600000, 0x0000000711600000| Untracked 
| 126|0x0000000711800000, 0x0000000711800000, 0x0000000711a00000|  0%| F|  |TAMS 0x0000000711800000, 0x0000000711800000| Untracked 
| 127|0x0000000711a00000, 0x0000000711a00000, 0x0000000711c00000|  0%| F|  |TAMS 0x0000000711a00000, 0x0000000711a00000| Untracked 
| 128|0x0000000711c00000, 0x0000000711c00000, 0x0000000711e00000|  0%| F|  |TAMS 0x0000000711c00000, 0x0000000711c00000| Untracked 
| 129|0x0000000711e00000, 0x0000000711e00000, 0x0000000712000000|  0%| F|  |TAMS 0x0000000711e00000, 0x0000000711e00000| Untracked 
| 130|0x0000000712000000, 0x0000000712000000, 0x0000000712200000|  0%| F|  |TAMS 0x0000000712000000, 0x0000000712000000| Untracked 
| 131|0x0000000712200000, 0x0000000712200000, 0x0000000712400000|  0%| F|  |TAMS 0x0000000712200000, 0x0000000712200000| Untracked 
| 132|0x0000000712400000, 0x0000000712400000, 0x0000000712600000|  0%| F|  |TAMS 0x0000000712400000, 0x0000000712400000| Untracked 
| 133|0x0000000712600000, 0x0000000712600000, 0x0000000712800000|  0%| F|  |TAMS 0x0000000712600000, 0x0000000712600000| Untracked 
| 134|0x0000000712800000, 0x0000000712800000, 0x0000000712a00000|  0%| F|  |TAMS 0x0000000712800000, 0x0000000712800000| Untracked 
| 135|0x0000000712a00000, 0x0000000712a00000, 0x0000000712c00000|  0%| F|  |TAMS 0x0000000712a00000, 0x0000000712a00000| Untracked 
| 136|0x0000000712c00000, 0x0000000712c00000, 0x0000000712e00000|  0%| F|  |TAMS 0x0000000712c00000, 0x0000000712c00000| Untracked 
| 137|0x0000000712e00000, 0x0000000712e00000, 0x0000000713000000|  0%| F|  |TAMS 0x0000000712e00000, 0x0000000712e00000| Untracked 
| 138|0x0000000713000000, 0x0000000713000000, 0x0000000713200000|  0%| F|  |TAMS 0x0000000713000000, 0x0000000713000000| Untracked 
| 139|0x0000000713200000, 0x0000000713200000, 0x0000000713400000|  0%| F|  |TAMS 0x0000000713200000, 0x0000000713200000| Untracked 
| 140|0x0000000713400000, 0x0000000713400000, 0x0000000713600000|  0%| F|  |TAMS 0x0000000713400000, 0x0000000713400000| Untracked 
| 141|0x0000000713600000, 0x0000000713600000, 0x0000000713800000|  0%| F|  |TAMS 0x0000000713600000, 0x0000000713600000| Untracked 
| 142|0x0000000713800000, 0x0000000713800000, 0x0000000713a00000|  0%| F|  |TAMS 0x0000000713800000, 0x0000000713800000| Untracked 
| 143|0x0000000713a00000, 0x0000000713a00000, 0x0000000713c00000|  0%| F|  |TAMS 0x0000000713a00000, 0x0000000713a00000| Untracked 
| 144|0x0000000713c00000, 0x0000000713c00000, 0x0000000713e00000|  0%| F|  |TAMS 0x0000000713c00000, 0x0000000713c00000| Untracked 
| 145|0x0000000713e00000, 0x0000000713e00000, 0x0000000714000000|  0%| F|  |TAMS 0x0000000713e00000, 0x0000000713e00000| Untracked 
| 146|0x0000000714000000, 0x0000000714000000, 0x0000000714200000|  0%| F|  |TAMS 0x0000000714000000, 0x0000000714000000| Untracked 
| 147|0x0000000714200000, 0x0000000714200000, 0x0000000714400000|  0%| F|  |TAMS 0x0000000714200000, 0x0000000714200000| Untracked 
| 148|0x0000000714400000, 0x000000071447a560, 0x0000000714600000| 23%| E|  |TAMS 0x0000000714400000, 0x0000000714400000| Complete 
| 149|0x0000000714600000, 0x0000000714800000, 0x0000000714800000|100%| E|CS|TAMS 0x0000000714600000, 0x0000000714600000| Complete 
| 150|0x0000000714800000, 0x0000000714a00000, 0x0000000714a00000|100%| E|CS|TAMS 0x0000000714800000, 0x0000000714800000| Complete 
| 151|0x0000000714a00000, 0x0000000714c00000, 0x0000000714c00000|100%| E|CS|TAMS 0x0000000714a00000, 0x0000000714a00000| Complete 
| 152|0x0000000714c00000, 0x0000000714e00000, 0x0000000714e00000|100%| E|CS|TAMS 0x0000000714c00000, 0x0000000714c00000| Complete 
| 153|0x0000000714e00000, 0x0000000715000000, 0x0000000715000000|100%| E|CS|TAMS 0x0000000714e00000, 0x0000000714e00000| Complete 
| 154|0x0000000715000000, 0x0000000715200000, 0x0000000715200000|100%| E|CS|TAMS 0x0000000715000000, 0x0000000715000000| Complete 
| 155|0x0000000715200000, 0x0000000715400000, 0x0000000715400000|100%| E|CS|TAMS 0x0000000715200000, 0x0000000715200000| Complete 
| 156|0x0000000715400000, 0x0000000715600000, 0x0000000715600000|100%| E|CS|TAMS 0x0000000715400000, 0x0000000715400000| Complete 
| 157|0x0000000715600000, 0x0000000715800000, 0x0000000715800000|100%| E|CS|TAMS 0x0000000715600000, 0x0000000715600000| Complete 
| 158|0x0000000715800000, 0x0000000715a00000, 0x0000000715a00000|100%| E|CS|TAMS 0x0000000715800000, 0x0000000715800000| Complete 
| 159|0x0000000715a00000, 0x0000000715c00000, 0x0000000715c00000|100%| E|CS|TAMS 0x0000000715a00000, 0x0000000715a00000| Complete 
| 160|0x0000000715c00000, 0x0000000715e00000, 0x0000000715e00000|100%| E|CS|TAMS 0x0000000715c00000, 0x0000000715c00000| Complete 
| 161|0x0000000715e00000, 0x0000000716000000, 0x0000000716000000|100%| E|CS|TAMS 0x0000000715e00000, 0x0000000715e00000| Complete 
| 162|0x0000000716000000, 0x0000000716200000, 0x0000000716200000|100%| E|CS|TAMS 0x0000000716000000, 0x0000000716000000| Complete 
| 163|0x0000000716200000, 0x0000000716400000, 0x0000000716400000|100%| E|CS|TAMS 0x0000000716200000, 0x0000000716200000| Complete 
| 164|0x0000000716400000, 0x0000000716600000, 0x0000000716600000|100%| E|CS|TAMS 0x0000000716400000, 0x0000000716400000| Complete 
| 165|0x0000000716600000, 0x0000000716800000, 0x0000000716800000|100%| E|CS|TAMS 0x0000000716600000, 0x0000000716600000| Complete 
| 166|0x0000000716800000, 0x0000000716a00000, 0x0000000716a00000|100%| E|CS|TAMS 0x0000000716800000, 0x0000000716800000| Complete 
| 167|0x0000000716a00000, 0x0000000716c00000, 0x0000000716c00000|100%| E|CS|TAMS 0x0000000716a00000, 0x0000000716a00000| Complete 
| 168|0x0000000716c00000, 0x0000000716e00000, 0x0000000716e00000|100%| E|CS|TAMS 0x0000000716c00000, 0x0000000716c00000| Complete 
| 169|0x0000000716e00000, 0x0000000717000000, 0x0000000717000000|100%| E|CS|TAMS 0x0000000716e00000, 0x0000000716e00000| Complete 
| 170|0x0000000717000000, 0x0000000717200000, 0x0000000717200000|100%| E|CS|TAMS 0x0000000717000000, 0x0000000717000000| Complete 
| 171|0x0000000717200000, 0x0000000717400000, 0x0000000717400000|100%| E|CS|TAMS 0x0000000717200000, 0x0000000717200000| Complete 
| 172|0x0000000717400000, 0x0000000717600000, 0x0000000717600000|100%| E|CS|TAMS 0x0000000717400000, 0x0000000717400000| Complete 
| 173|0x0000000717600000, 0x0000000717800000, 0x0000000717800000|100%| E|CS|TAMS 0x0000000717600000, 0x0000000717600000| Complete 
| 174|0x0000000717800000, 0x0000000717a00000, 0x0000000717a00000|100%| E|CS|TAMS 0x0000000717800000, 0x0000000717800000| Complete 
| 175|0x0000000717a00000, 0x0000000717c00000, 0x0000000717c00000|100%| E|CS|TAMS 0x0000000717a00000, 0x0000000717a00000| Complete 
| 176|0x0000000717c00000, 0x0000000717e00000, 0x0000000717e00000|100%| E|CS|TAMS 0x0000000717c00000, 0x0000000717c00000| Complete 
| 177|0x0000000717e00000, 0x0000000718000000, 0x0000000718000000|100%| E|CS|TAMS 0x0000000717e00000, 0x0000000717e00000| Complete 
| 178|0x0000000718000000, 0x0000000718200000, 0x0000000718200000|100%| E|CS|TAMS 0x0000000718000000, 0x0000000718000000| Complete 
| 179|0x0000000718200000, 0x0000000718400000, 0x0000000718400000|100%| E|CS|TAMS 0x0000000718200000, 0x0000000718200000| Complete 
| 180|0x0000000718400000, 0x0000000718600000, 0x0000000718600000|100%| E|CS|TAMS 0x0000000718400000, 0x0000000718400000| Complete 
| 181|0x0000000718600000, 0x0000000718800000, 0x0000000718800000|100%| E|CS|TAMS 0x0000000718600000, 0x0000000718600000| Complete 
| 182|0x0000000718800000, 0x0000000718a00000, 0x0000000718a00000|100%| E|CS|TAMS 0x0000000718800000, 0x0000000718800000| Complete 
| 183|0x0000000718a00000, 0x0000000718c00000, 0x0000000718c00000|100%| E|CS|TAMS 0x0000000718a00000, 0x0000000718a00000| Complete 
| 184|0x0000000718c00000, 0x0000000718e00000, 0x0000000718e00000|100%| E|CS|TAMS 0x0000000718c00000, 0x0000000718c00000| Complete 

Card table byte_map: [0x0000015416660000,0x0000015416e60000] _byte_map_base: 0x0000015412e52000

Marking Bits (Prev, Next): (CMBitMap*) 0x000001540121bc30, (CMBitMap*) 0x000001540121bc70
 Prev Bits: [0x0000015417660000, 0x000001541b5f0000)
 Next Bits: [0x000001541b5f0000, 0x000001541f580000)

Polling page: 0x00000154012a0000

Metaspace:

Usage:
  Non-class:     12.40 MB capacity,    12.23 MB ( 99%) used,   154.29 KB (  1%) free+waste,    17.25 KB ( <1%) overhead. 
      Class:      1.30 MB capacity,     1.23 MB ( 95%) used,    63.77 KB (  5%) free+waste,     6.31 KB ( <1%) overhead. 
       Both:     13.70 MB capacity,    13.46 MB ( 98%) used,   218.05 KB (  2%) free+waste,    23.56 KB ( <1%) overhead. 

Virtual space:
  Non-class space:       14.00 MB reserved,      12.50 MB ( 89%) committed 
      Class space:        1.00 GB reserved,       1.38 MB ( <1%) committed 
             Both:        1.01 GB reserved,      13.88 MB (  1%) committed 

Chunk freelists:
   Non-Class:  37.00 KB
       Class:  14.00 KB
        Both:  51.00 KB

MaxMetaspaceSize: 17179869184.00 GB
CompressedClassSpaceSize: 1.00 GB

CodeHeap 'non-profiled nmethods': size=120000Kb used=1095Kb max_used=1095Kb free=118904Kb
 bounds [0x000001540ded0000, 0x000001540e140000, 0x0000015415400000]
CodeHeap 'profiled nmethods': size=120000Kb used=3015Kb max_used=3015Kb free=116984Kb
 bounds [0x00000154069a0000, 0x0000015406ca0000, 0x000001540ded0000]
CodeHeap 'non-nmethods': size=5760Kb used=1196Kb max_used=1284Kb free=4564Kb
 bounds [0x0000015406400000, 0x0000015406670000, 0x00000154069a0000]
 total_blobs=2357 nmethods=1896 adapters=374
 compilation: enabled
              stopped_count=0, restarted_count=0
 full_count=0

Compilation events (20 events):
Event: 2.013 Thread 0x000001542293a230 nmethod 1899 0x0000015406c89a90 code [0x0000015406c89c60, 0x0000015406c8a1e8]
Event: 2.013 Thread 0x000001542293a230 1900       1       io.jenetics.engine.EvolutionResult::population (5 bytes)
Event: 2.013 Thread 0x000001542293a230 nmethod 1900 0x000001540dfe0d90 code [0x000001540dfe0f20, 0x000001540dfe0fd8]
Event: 2.013 Thread 0x000001542293a230 1901       1       io.jenetics.engine.EvolutionResult::killCount (5 bytes)
Event: 2.013 Thread 0x000001542293a230 nmethod 1901 0x000001540dfe1090 code [0x000001540dfe1220, 0x000001540dfe12d8]
Event: 2.013 Thread 0x000001542293a230 1902       1       io.jenetics.engine.EvolutionResult::invalidCount (5 bytes)
Event: 2.013 Thread 0x000001542293a230 nmethod 1902 0x000001540dfe1390 code [0x000001540dfe1520, 0x000001540dfe15d8]
Event: 2.013 Thread 0x000001542293a230 1903       1       io.jenetics.engine.EvolutionResult::alterCount (5 bytes)
Event: 2.013 Thread 0x000001542293a230 nmethod 1903 0x000001540dfe1690 code [0x000001540dfe1820, 0x000001540dfe18d8]
Event: 2.013 Thread 0x000001542293a230 1904       1       io.jenetics.engine.EvolutionResult::optimize (5 bytes)
Event: 2.013 Thread 0x000001542293a230 nmethod 1904 0x000001540dfe1990 code [0x000001540dfe1b20, 0x000001540dfe1bd8]
Event: 2.013 Thread 0x000001542293a230 1905       3       java.util.stream.ReduceOps$CountingSink::begin (6 bytes)
Event: 2.013 Thread 0x000001542293a230 nmethod 1905 0x0000015406c8a390 code [0x0000015406c8a520, 0x0000015406c8a638]
Event: 2.013 Thread 0x000001542293a230 1906       3       java.util.stream.ReduceOps$CountingSink$OfInt::get (5 bytes)
Event: 2.014 Thread 0x000001542293a230 nmethod 1906 0x0000015406c8a710 code [0x0000015406c8a8c0, 0x0000015406c8aa48]
Event: 2.014 Thread 0x000001542293a230 1907       3       java.util.stream.ReduceOps$CountingSink::get (8 bytes)
Event: 2.014 Thread 0x000001542293a230 nmethod 1907 0x0000015406c8ab10 code [0x0000015406c8acc0, 0x0000015406c8ade8]
Event: 2.021 Thread 0x000001542293a230 1908       3       sun.awt.geom.AreaOp::resolveLinks (520 bytes)
Event: 2.026 Thread 0x000001542293a230 nmethod 1908 0x0000015406c8ae90 code [0x0000015406c8b460, 0x0000015406c8fcf8]
Event: 2.026 Thread 0x000001542292e270 1909       4       sun.awt.geom.AreaOp::resolveLinks (520 bytes)

GC Heap History (20 events):
Event: 1.458 GC heap before
{Heap before GC invocations=8 (full 0):
 garbage-first heap   total 262144K, used 157903K [0x0000000701c00000, 0x0000000800000000)
  region size 2048K, 76 young (155648K), 1 survivors (2048K)
 Metaspace       used 13722K, capacity 13901K, committed 14208K, reserved 1062912K
  class space    used 1259K, capacity 1330K, committed 1408K, reserved 1048576K
}
Event: 1.459 GC heap after
{Heap after GC invocations=9 (full 0):
 garbage-first heap   total 262144K, used 4354K [0x0000000701c00000, 0x0000000800000000)
  region size 2048K, 1 young (2048K), 1 survivors (2048K)
 Metaspace       used 13722K, capacity 13901K, committed 14208K, reserved 1062912K
  class space    used 1259K, capacity 1330K, committed 1408K, reserved 1048576K
}
Event: 1.511 GC heap before
{Heap before GC invocations=9 (full 0):
 garbage-first heap   total 262144K, used 157954K [0x0000000701c00000, 0x0000000800000000)
  region size 2048K, 76 young (155648K), 1 survivors (2048K)
 Metaspace       used 13745K, capacity 13901K, committed 14208K, reserved 1062912K
  class space    used 1259K, capacity 1330K, committed 1408K, reserved 1048576K
}
Event: 1.512 GC heap after
{Heap after GC invocations=10 (full 0):
 garbage-first heap   total 262144K, used 4428K [0x0000000701c00000, 0x0000000800000000)
  region size 2048K, 1 young (2048K), 1 survivors (2048K)
 Metaspace       used 13745K, capacity 13901K, committed 14208K, reserved 1062912K
  class space    used 1259K, capacity 1330K, committed 1408K, reserved 1048576K
}
Event: 1.568 GC heap before
{Heap before GC invocations=10 (full 0):
 garbage-first heap   total 262144K, used 158028K [0x0000000701c00000, 0x0000000800000000)
  region size 2048K, 76 young (155648K), 1 survivors (2048K)
 Metaspace       used 13749K, capacity 13901K, committed 14208K, reserved 1062912K
  class space    used 1259K, capacity 1330K, committed 1408K, reserved 1048576K
}
Event: 1.569 GC heap after
{Heap after GC invocations=11 (full 0):
 garbage-first heap   total 262144K, used 4419K [0x0000000701c00000, 0x0000000800000000)
  region size 2048K, 1 young (2048K), 1 survivors (2048K)
 Metaspace       used 13749K, capacity 13901K, committed 14208K, reserved 1062912K
  class space    used 1259K, capacity 1330K, committed 1408K, reserved 1048576K
}
Event: 1.627 GC heap before
{Heap before GC invocations=11 (full 0):
 garbage-first heap   total 262144K, used 158019K [0x0000000701c00000, 0x0000000800000000)
  region size 2048K, 76 young (155648K), 1 survivors (2048K)
 Metaspace       used 13756K, capacity 13901K, committed 14208K, reserved 1062912K
  class space    used 1259K, capacity 1330K, committed 1408K, reserved 1048576K
}
Event: 1.628 GC heap after
{Heap after GC invocations=12 (full 0):
 garbage-first heap   total 315392K, used 4356K [0x0000000701c00000, 0x0000000800000000)
  region size 2048K, 1 young (2048K), 1 survivors (2048K)
 Metaspace       used 13756K, capacity 13901K, committed 14208K, reserved 1062912K
  class space    used 1259K, capacity 1330K, committed 1408K, reserved 1048576K
}
Event: 1.688 GC heap before
{Heap before GC invocations=12 (full 0):
 garbage-first heap   total 315392K, used 190724K [0x0000000701c00000, 0x0000000800000000)
  region size 2048K, 92 young (188416K), 1 survivors (2048K)
 Metaspace       used 13758K, capacity 13901K, committed 14208K, reserved 1062912K
  class space    used 1259K, capacity 1330K, committed 1408K, reserved 1048576K
}
Event: 1.689 GC heap after
{Heap after GC invocations=13 (full 0):
 garbage-first heap   total 315392K, used 4456K [0x0000000701c00000, 0x0000000800000000)
  region size 2048K, 1 young (2048K), 1 survivors (2048K)
 Metaspace       used 13758K, capacity 13901K, committed 14208K, reserved 1062912K
  class space    used 1259K, capacity 1330K, committed 1408K, reserved 1048576K
}
Event: 1.746 GC heap before
{Heap before GC invocations=13 (full 0):
 garbage-first heap   total 315392K, used 190824K [0x0000000701c00000, 0x0000000800000000)
  region size 2048K, 92 young (188416K), 1 survivors (2048K)
 Metaspace       used 13766K, capacity 13901K, committed 14208K, reserved 1062912K
  class space    used 1259K, capacity 1330K, committed 1408K, reserved 1048576K
}
Event: 1.747 GC heap after
{Heap after GC invocations=14 (full 0):
 garbage-first heap   total 315392K, used 4321K [0x0000000701c00000, 0x0000000800000000)
  region size 2048K, 1 young (2048K), 1 survivors (2048K)
 Metaspace       used 13766K, capacity 13901K, committed 14208K, reserved 1062912K
  class space    used 1259K, capacity 1330K, committed 1408K, reserved 1048576K
}
Event: 1.797 GC heap before
{Heap before GC invocations=14 (full 0):
 garbage-first heap   total 315392K, used 190689K [0x0000000701c00000, 0x0000000800000000)
  region size 2048K, 92 young (188416K), 1 survivors (2048K)
 Metaspace       used 13767K, capacity 13901K, committed 14208K, reserved 1062912K
  class space    used 1259K, capacity 1330K, committed 1408K, reserved 1048576K
}
Event: 1.798 GC heap after
{Heap after GC invocations=15 (full 0):
 garbage-first heap   total 315392K, used 4335K [0x0000000701c00000, 0x0000000800000000)
  region size 2048K, 1 young (2048K), 1 survivors (2048K)
 Metaspace       used 13767K, capacity 13901K, committed 14208K, reserved 1062912K
  class space    used 1259K, capacity 1330K, committed 1408K, reserved 1048576K
}
Event: 1.848 GC heap before
{Heap before GC invocations=15 (full 0):
 garbage-first heap   total 315392K, used 190703K [0x0000000701c00000, 0x0000000800000000)
  region size 2048K, 92 young (188416K), 1 survivors (2048K)
 Metaspace       used 13770K, capacity 13901K, committed 14208K, reserved 1062912K
  class space    used 1259K, capacity 1330K, committed 1408K, reserved 1048576K
}
Event: 1.849 GC heap after
{Heap after GC invocations=16 (full 0):
 garbage-first heap   total 315392K, used 4439K [0x0000000701c00000, 0x0000000800000000)
  region size 2048K, 1 young (2048K), 1 survivors (2048K)
 Metaspace       used 13770K, capacity 13901K, committed 14208K, reserved 1062912K
  class space    used 1259K, capacity 1330K, committed 1408K, reserved 1048576K
}
Event: 1.897 GC heap before
{Heap before GC invocations=16 (full 0):
 garbage-first heap   total 315392K, used 190807K [0x0000000701c00000, 0x0000000800000000)
  region size 2048K, 92 young (188416K), 1 survivors (2048K)
 Metaspace       used 13779K, capacity 13965K, committed 14208K, reserved 1062912K
  class space    used 1259K, capacity 1330K, committed 1408K, reserved 1048576K
}
Event: 1.899 GC heap after
{Heap after GC invocations=17 (full 0):
 garbage-first heap   total 378880K, used 4435K [0x0000000701c00000, 0x0000000800000000)
  region size 2048K, 1 young (2048K), 1 survivors (2048K)
 Metaspace       used 13779K, capacity 13965K, committed 14208K, reserved 1062912K
  class space    used 1259K, capacity 1330K, committed 1408K, reserved 1048576K
}
Event: 1.970 GC heap before
{Heap before GC invocations=17 (full 0):
 garbage-first heap   total 378880K, used 229715K [0x0000000701c00000, 0x0000000800000000)
  region size 2048K, 111 young (227328K), 1 survivors (2048K)
 Metaspace       used 13781K, capacity 13965K, committed 14208K, reserved 1062912K
  class space    used 1259K, capacity 1330K, committed 1408K, reserved 1048576K
}
Event: 1.971 GC heap after
{Heap after GC invocations=18 (full 0):
 garbage-first heap   total 378880K, used 4475K [0x0000000701c00000, 0x0000000800000000)
  region size 2048K, 1 young (2048K), 1 survivors (2048K)
 Metaspace       used 13781K, capacity 13965K, committed 14208K, reserved 1062912K
  class space    used 1259K, capacity 1330K, committed 1408K, reserved 1048576K
}

Deoptimization events (20 events):
Event: 1.983 Thread 0x00000154234dea20 Uncommon trap: trap_request=0xffffffde fr.pc=0x000001540df60770 relative=0x0000000000000a10
Event: 1.983 Thread 0x00000154234dea20 Uncommon trap: reason=class_check action=maybe_recompile pc=0x000001540df60770 method=java.awt.geom.Area.getCachedBounds()Ljava/awt/geom/Rectangle2D; @ 77 c2
Event: 1.983 Thread 0x00000154234dea20 DEOPT PACKING pc=0x000001540df60770 sp=0x0000001676afeb60
Event: 1.983 Thread 0x00000154234dea20 DEOPT UNPACKING pc=0x000001540644e42f sp=0x0000001676afeb30 mode 2
Event: 2.015 Thread 0x00000154234dea20 DEOPT PACKING pc=0x0000015406c6ebc5 sp=0x0000001676afea90
Event: 2.015 Thread 0x00000154234dea20 DEOPT UNPACKING pc=0x000001540644e23f sp=0x0000001676afdfc0 mode 0
Event: 2.020 Thread 0x0000015423459fc0 Uncommon trap: trap_request=0xffffff45 fr.pc=0x000001540dfb610c relative=0x000000000000120c
Event: 2.021 Thread 0x0000015423459fc0 Uncommon trap: reason=unstable_if action=reinterpret pc=0x000001540dfb610c method=sun.awt.geom.AreaOp.resolveLinks(Ljava/util/Vector;Ljava/util/Vector;Ljava/util/Vector;)V @ 224 c2
Event: 2.021 Thread 0x0000015423459fc0 DEOPT PACKING pc=0x000001540dfb610c sp=0x0000001676dfe9e0
Event: 2.021 Thread 0x0000015423459fc0 DEOPT UNPACKING pc=0x000001540644e42f sp=0x0000001676dfe9b8 mode 2
Event: 2.027 Thread 0x0000015423459af0 DEOPT PACKING pc=0x0000015406c8f9d3 sp=0x0000001676cfea40
Event: 2.027 Thread 0x0000015423459af0 DEOPT UNPACKING pc=0x000001540644e23f sp=0x0000001676cfdfc0 mode 0
Event: 2.030 Thread 0x000001542382c040 DEOPT PACKING pc=0x0000015406c8f9d3 sp=0x0000001676ffeaf0
Event: 2.030 Thread 0x000001542382c040 DEOPT UNPACKING pc=0x000001540644e23f sp=0x0000001676ffe070 mode 0
Event: 2.033 Thread 0x0000015423459fc0 DEOPT PACKING pc=0x0000015406c8f9d3 sp=0x0000001676dfe7a0
Event: 2.033 Thread 0x0000015423459fc0 DEOPT UNPACKING pc=0x000001540644e23f sp=0x0000001676dfdd20 mode 0
Event: 2.036 Thread 0x0000015423894990 DEOPT PACKING pc=0x0000015406c8f9d3 sp=0x00000016771fe490
Event: 2.036 Thread 0x0000015423894990 DEOPT UNPACKING pc=0x000001540644e23f sp=0x00000016771fda10 mode 0
Event: 2.040 Thread 0x000001542382ad50 DEOPT PACKING pc=0x0000015406c8f9d3 sp=0x0000001676efe8c0
Event: 2.040 Thread 0x000001542382ad50 DEOPT UNPACKING pc=0x000001540644e23f sp=0x0000001676efde40 mode 0

Classes unloaded (0 events):
No events

Classes redefined (0 events):
No events

Internal exceptions (20 events):
Event: 0.451 Thread 0x00000154011c58a0 Exception <a 'java/lang/NoSuchMethodError'{0x00000007113510b0}: 'java.lang.Object java.lang.invoke.DirectMethodHandle$Holder.invokeStatic(java.lang.Object, long, java.lang.Object)'> (0x00000007113510b0) 
thrown [./open/src/hotspot/share/interpreter/linkResolver.cpp, line 782]
Event: 0.451 Thread 0x00000154011c58a0 Exception <a 'java/lang/NoSuchMethodError'{0x0000000711357c38}: 'java.lang.Object java.lang.invoke.DirectMethodHandle$Holder.newInvokeSpecial(java.lang.Object, long)'> (0x0000000711357c38) 
thrown [./open/src/hotspot/share/interpreter/linkResolver.cpp, line 782]
Event: 0.468 Thread 0x00000154011c58a0 Exception <a 'java/lang/NoSuchMethodError'{0x00000007110cb888}: 'long java.lang.invoke.DirectMethodHandle$Holder.invokeStatic(java.lang.Object)'> (0x00000007110cb888) 
thrown [./open/src/hotspot/share/interpreter/linkResolver.cpp, line 782]
Event: 0.483 Thread 0x00000154234dea20 Exception <a 'java/lang/ClassNotFoundException'{0x00000007111d41d0}: sun/awt/resources/spi/awtProvider> (0x00000007111d41d0) 
thrown [./open/src/hotspot/share/classfile/systemDictionary.cpp, line 295]
Event: 0.489 Thread 0x00000154234dea20 Exception <a 'java/io/FileNotFoundException'{0x00000007111f78f0}> (0x00000007111f78f0) 
thrown [./open/src/hotspot/share/prims/jni.cpp, line 578]
Event: 0.490 Thread 0x00000154234dea20 Exception <a 'java/io/FileNotFoundException'{0x00000007111f8c38}> (0x00000007111f8c38) 
thrown [./open/src/hotspot/share/prims/jni.cpp, line 578]
Event: 0.692 Thread 0x0000015423893180 Exception <a 'java/lang/NoSuchMethodError'{0x000000070e378150}: 'java.lang.Object java.lang.invoke.DirectMethodHandle$Holder.newInvokeSpecial(java.lang.Object, java.lang.Object, java.lang.Object, java.lang.Object, java.lang.Object)'> (0x000000070e378150) 
thrown [./open/src/hotspot/share/interpreter/linkResolver.cpp, line 782]
Event: 0.692 Thread 0x000001542382c040 Exception <a 'java/lang/NoSuchMethodError'{0x000000070df21b48}: 'java.lang.Object java.lang.invoke.DirectMethodHandle$Holder.newInvokeSpecial(java.lang.Object, java.lang.Object, java.lang.Object, java.lang.Object, java.lang.Object)'> (0x000000070df21b48) 
thrown [./open/src/hotspot/share/interpreter/linkResolver.cpp, line 782]
Event: 0.694 Thread 0x0000015423893180 Exception <a 'java/lang/NoSuchMethodError'{0x000000070e380a28}: 'java.lang.Object java.lang.invoke.DirectMethodHandle$Holder.newInvokeSpecial(java.lang.Object, java.lang.Object, java.lang.Object, int)'> (0x000000070e380a28) 
thrown [./open/src/hotspot/share/interpreter/linkResolver.cpp, line 782]
Event: 0.694 Thread 0x000001542382c040 Exception <a 'java/lang/NoSuchMethodError'{0x000000070df29400}: 'java.lang.Object java.lang.invoke.DirectMethodHandle$Holder.newInvokeSpecial(java.lang.Object, java.lang.Object, java.lang.Object, int)'> (0x000000070df29400) 
thrown [./open/src/hotspot/share/interpreter/linkResolver.cpp, line 782]
Event: 0.694 Thread 0x0000015423893180 Exception <a 'java/lang/NoSuchMethodError'{0x000000070e384ee8}: 'java.lang.Object java.lang.invoke.DirectMethodHandle$Holder.invokeSpecial(java.lang.Object, java.lang.Object, java.lang.Object, java.lang.Object, int)'> (0x000000070e384ee8) 
thrown [./open/src/hotspot/share/interpreter/linkResolver.cpp, line 782]
Event: 0.694 Thread 0x000001542382c040 Exception <a 'java/lang/NoSuchMethodError'{0x000000070df2d528}: 'java.lang.Object java.lang.invoke.DirectMethodHandle$Holder.invokeSpecial(java.lang.Object, java.lang.Object, java.lang.Object, java.lang.Object, int)'> (0x000000070df2d528) 
thrown [./open/src/hotspot/share/interpreter/linkResolver.cpp, line 782]
Event: 0.694 Thread 0x0000015423893180 Exception <a 'java/lang/NoSuchMethodError'{0x000000070e388ca8}: 'java.lang.Object java.lang.invoke.Invokers$Holder.linkToTargetMethod(java.lang.Object, java.lang.Object, int, java.lang.Object)'> (0x000000070e388ca8) 
thrown [./open/src/hotspot/share/interpreter/linkResolver.cpp, line 782]
Event: 0.695 Thread 0x000001542382c040 Exception <a 'java/lang/NoSuchMethodError'{0x000000070df30db0}: 'java.lang.Object java.lang.invoke.Invokers$Holder.linkToTargetMethod(java.lang.Object, java.lang.Object, int, java.lang.Object)'> (0x000000070df30db0) 
thrown [./open/src/hotspot/share/interpreter/linkResolver.cpp, line 782]
Event: 0.698 Thread 0x000001542382ad50 Exception <a 'java/lang/NoSuchMethodError'{0x000000070cd0d7d0}: 'int java.lang.invoke.DirectMethodHandle$Holder.invokeInterface(java.lang.Object, java.lang.Object)'> (0x000000070cd0d7d0) 
thrown [./open/src/hotspot/share/interpreter/linkResolver.cpp, line 782]
Event: 0.705 Thread 0x000001542382c040 Exception <a 'java/lang/NoSuchMethodError'{0x000000070df70f18}: 'java.lang.Object java.lang.invoke.DirectMethodHandle$Holder.invokeSpecial(java.lang.Object, java.lang.Object, java.lang.Object, int, java.lang.Object)'> (0x000000070df70f18) 
thrown [./open/src/hotspot/share/interpreter/linkResolver.cpp, line 782]
Event: 0.726 Thread 0x000001542382c040 Exception <a 'java/lang/NoSuchMethodError'{0x000000070b817208}: 'java.lang.Object java.lang.invoke.DirectMethodHandle$Holder.newInvokeSpecial(java.lang.Object, java.lang.Object, int)'> (0x000000070b817208) 
thrown [./open/src/hotspot/share/interpreter/linkResolver.cpp, line 782]
Event: 0.728 Thread 0x000001542382c040 Exception <a 'java/lang/NoSuchMethodError'{0x000000070b822ef0}: 'java.lang.Object java.lang.invoke.DirectMethodHandle$Holder.newInvokeSpecial(java.lang.Object, java.lang.Object, int, java.lang.Object)'> (0x000000070b822ef0) 
thrown [./open/src/hotspot/share/interpreter/linkResolver.cpp, line 782]
Event: 0.729 Thread 0x000001542382c040 Exception <a 'java/lang/NoSuchMethodError'{0x000000070b831750}: 'java.lang.Object java.lang.invoke.DirectMethodHandle$Holder.newInvokeSpecial(java.lang.Object, java.lang.Object, java.lang.Object, long)'> (0x000000070b831750) 
thrown [./open/src/hotspot/share/interpreter/linkResolver.cpp, line 782]
Event: 0.730 Thread 0x000001542382c040 Exception <a 'java/lang/NoSuchMethodError'{0x000000070b8358b8}: 'java.lang.Object java.lang.invoke.DirectMethodHandle$Holder.invokeSpecial(java.lang.Object, java.lang.Object, java.lang.Object, java.lang.Object, long)'> (0x000000070b8358b8) 
thrown [./open/src/hotspot/share/interpreter/linkResolver.cpp, line 782]

Events (20 events):
Event: 1.460 Executing VM operation: G1CollectForAllocation done
Event: 1.511 Executing VM operation: G1CollectForAllocation
Event: 1.512 Executing VM operation: G1CollectForAllocation done
Event: 1.568 Executing VM operation: G1CollectForAllocation
Event: 1.570 Executing VM operation: G1CollectForAllocation done
Event: 1.627 Executing VM operation: G1CollectForAllocation
Event: 1.628 Executing VM operation: G1CollectForAllocation done
Event: 1.688 Executing VM operation: G1CollectForAllocation
Event: 1.689 Executing VM operation: G1CollectForAllocation done
Event: 1.746 Executing VM operation: G1CollectForAllocation
Event: 1.747 Executing VM operation: G1CollectForAllocation done
Event: 1.797 Executing VM operation: G1CollectForAllocation
Event: 1.798 Executing VM operation: G1CollectForAllocation done
Event: 1.847 Executing VM operation: G1CollectForAllocation
Event: 1.849 Executing VM operation: G1CollectForAllocation done
Event: 1.897 Executing VM operation: G1CollectForAllocation
Event: 1.899 Executing VM operation: G1CollectForAllocation done
Event: 1.946 Thread 0x0000015423449790 Thread exited: 0x0000015423449790
Event: 1.970 Executing VM operation: G1CollectForAllocation
Event: 1.971 Executing VM operation: G1CollectForAllocation done


Dynamic libraries:
0x00007ff70db00000 - 0x00007ff70db0d000 	C:\Users\Utente\Desktop\eclipse-info3-2021-06\eclipse\plugins\org.eclipse.justj.openjdk.hotspot.jre.full.win32.x86_64_15.0.2.v20210201-0955\jre\bin\javaw.exe
0x00007ff868110000 - 0x00007ff868305000 	C:\WINDOWS\SYSTEM32\ntdll.dll
0x00007ff866fd0000 - 0x00007ff86708e000 	C:\WINDOWS\System32\KERNEL32.DLL
0x00007ff865b40000 - 0x00007ff865e08000 	C:\WINDOWS\System32\KERNELBASE.dll
0x00007ff8659b0000 - 0x00007ff865ab0000 	C:\WINDOWS\System32\ucrtbase.dll
0x00007ff8527b0000 - 0x00007ff8527c9000 	C:\Users\Utente\Desktop\eclipse-info3-2021-06\eclipse\plugins\org.eclipse.justj.openjdk.hotspot.jre.full.win32.x86_64_15.0.2.v20210201-0955\jre\bin\VCRUNTIME140.dll
0x00007ff852790000 - 0x00007ff8527a8000 	C:\Users\Utente\Desktop\eclipse-info3-2021-06\eclipse\plugins\org.eclipse.justj.openjdk.hotspot.jre.full.win32.x86_64_15.0.2.v20210201-0955\jre\bin\jli.dll
0x00007ff866e20000 - 0x00007ff866fc0000 	C:\WINDOWS\System32\USER32.dll
0x00007ff8658e0000 - 0x00007ff865902000 	C:\WINDOWS\System32\win32u.dll
0x00007ff854330000 - 0x00007ff8545ca000 	C:\WINDOWS\WinSxS\amd64_microsoft.windows.common-controls_6595b64144ccf1df_6.0.19041.1110_none_60b5254171f9507e\COMCTL32.dll
0x00007ff867400000 - 0x00007ff86742a000 	C:\WINDOWS\System32\GDI32.dll
0x00007ff867af0000 - 0x00007ff867b8e000 	C:\WINDOWS\System32\msvcrt.dll
0x00007ff866060000 - 0x00007ff86616b000 	C:\WINDOWS\System32\gdi32full.dll
0x00007ff865910000 - 0x00007ff8659ad000 	C:\WINDOWS\System32\msvcp_win.dll
0x00007ff866180000 - 0x00007ff8661b0000 	C:\WINDOWS\System32\IMM32.DLL
0x00007ff85fea0000 - 0x00007ff85feac000 	C:\Users\Utente\Desktop\eclipse-info3-2021-06\eclipse\plugins\org.eclipse.justj.openjdk.hotspot.jre.full.win32.x86_64_15.0.2.v20210201-0955\jre\bin\vcruntime140_1.dll
0x00007ff825a10000 - 0x00007ff825aa1000 	C:\Users\Utente\Desktop\eclipse-info3-2021-06\eclipse\plugins\org.eclipse.justj.openjdk.hotspot.jre.full.win32.x86_64_15.0.2.v20210201-0955\jre\bin\msvcp140.dll
0x00007ff81f080000 - 0x00007ff81fbde000 	C:\Users\Utente\Desktop\eclipse-info3-2021-06\eclipse\plugins\org.eclipse.justj.openjdk.hotspot.jre.full.win32.x86_64_15.0.2.v20210201-0955\jre\bin\server\jvm.dll
0x00007ff8661b0000 - 0x00007ff86625e000 	C:\WINDOWS\System32\ADVAPI32.dll
0x00007ff866390000 - 0x00007ff86642c000 	C:\WINDOWS\System32\sechost.dll
0x00007ff866260000 - 0x00007ff866385000 	C:\WINDOWS\System32\RPCRT4.dll
0x00007ff867660000 - 0x00007ff867668000 	C:\WINDOWS\System32\PSAPI.DLL
0x00007ff858cf0000 - 0x00007ff858d17000 	C:\WINDOWS\SYSTEM32\WINMM.dll
0x00007ff861220000 - 0x00007ff86122a000 	C:\WINDOWS\SYSTEM32\VERSION.dll
0x00007ff8566e0000 - 0x00007ff8566e9000 	C:\WINDOWS\SYSTEM32\WSOCK32.dll
0x00007ff867510000 - 0x00007ff86757b000 	C:\WINDOWS\System32\WS2_32.dll
0x00007ff863670000 - 0x00007ff863682000 	C:\WINDOWS\SYSTEM32\kernel.appcore.dll
0x00007ff8614a0000 - 0x00007ff8614aa000 	C:\Users\Utente\Desktop\eclipse-info3-2021-06\eclipse\plugins\org.eclipse.justj.openjdk.hotspot.jre.full.win32.x86_64_15.0.2.v20210201-0955\jre\bin\jimage.dll
0x00007ff85da20000 - 0x00007ff85dc04000 	C:\WINDOWS\SYSTEM32\DBGHELP.DLL
0x00007ff85d840000 - 0x00007ff85d86c000 	C:\WINDOWS\SYSTEM32\dbgcore.DLL
0x00007ff865ab0000 - 0x00007ff865b32000 	C:\WINDOWS\System32\bcryptPrimitives.dll
0x00007ff84e2c0000 - 0x00007ff84e2e5000 	C:\Users\Utente\Desktop\eclipse-info3-2021-06\eclipse\plugins\org.eclipse.justj.openjdk.hotspot.jre.full.win32.x86_64_15.0.2.v20210201-0955\jre\bin\java.dll
0x00007ff84e230000 - 0x00007ff84e248000 	C:\Users\Utente\Desktop\eclipse-info3-2021-06\eclipse\plugins\org.eclipse.justj.openjdk.hotspot.jre.full.win32.x86_64_15.0.2.v20210201-0955\jre\bin\zip.dll
0x00007ff866430000 - 0x00007ff866b74000 	C:\WINDOWS\System32\SHELL32.dll
0x00007ff863950000 - 0x00007ff8640e4000 	C:\WINDOWS\SYSTEM32\windows.storage.dll
0x00007ff867790000 - 0x00007ff867ae4000 	C:\WINDOWS\System32\combase.dll
0x00007ff8652a0000 - 0x00007ff8652cc000 	C:\WINDOWS\SYSTEM32\Wldp.dll
0x00007ff867240000 - 0x00007ff8672ed000 	C:\WINDOWS\System32\SHCORE.dll
0x00007ff8672f0000 - 0x00007ff867345000 	C:\WINDOWS\System32\shlwapi.dll
0x00007ff865770000 - 0x00007ff86578f000 	C:\WINDOWS\SYSTEM32\profapi.dll
0x00007ff84de70000 - 0x00007ff84de89000 	C:\Users\Utente\Desktop\eclipse-info3-2021-06\eclipse\plugins\org.eclipse.justj.openjdk.hotspot.jre.full.win32.x86_64_15.0.2.v20210201-0955\jre\bin\net.dll
0x00007ff85b560000 - 0x00007ff85b66a000 	C:\WINDOWS\SYSTEM32\WINHTTP.dll
0x00007ff865000000 - 0x00007ff86506a000 	C:\WINDOWS\system32\mswsock.dll
0x00007ff84db20000 - 0x00007ff84db32000 	C:\Users\Utente\Desktop\eclipse-info3-2021-06\eclipse\plugins\org.eclipse.justj.openjdk.hotspot.jre.full.win32.x86_64_15.0.2.v20210201-0955\jre\bin\nio.dll
0x00007ff8230b0000 - 0x00007ff82322f000 	C:\Users\Utente\Desktop\eclipse-info3-2021-06\eclipse\plugins\org.eclipse.justj.openjdk.hotspot.jre.full.win32.x86_64_15.0.2.v20210201-0955\jre\bin\awt.dll
0x00007ff867b90000 - 0x00007ff867c5d000 	C:\WINDOWS\System32\OLEAUT32.dll
0x00007ff8631a0000 - 0x00007ff863230000 	C:\WINDOWS\SYSTEM32\apphelp.dll

dbghelp: loaded successfully - version: 4.0.5 - missing functions: none
symbol engine: initialized successfully - sym options: 0x614 - pdb path: .;C:\Users\Utente\Desktop\eclipse-info3-2021-06\eclipse\plugins\org.eclipse.justj.openjdk.hotspot.jre.full.win32.x86_64_15.0.2.v20210201-0955\jre\bin;C:\WINDOWS\SYSTEM32;C:\WINDOWS\WinSxS\amd64_microsoft.windows.common-controls_6595b64144ccf1df_6.0.19041.1110_none_60b5254171f9507e;C:\Users\Utente\Desktop\eclipse-info3-2021-06\eclipse\plugins\org.eclipse.justj.openjdk.hotspot.jre.full.win32.x86_64_15.0.2.v20210201-0955\jre\bin\server

VM Arguments:
jvm_args: -Dfile.encoding=Cp1252 -XX:+ShowCodeDetailsInExceptionMessages 
java_command: com.qunhe.util.nest.jenetics.Main_Jenetics
java_class_path (initial): C:\Users\Utente\Desktop\WSTesi\Nest4J\target\classes;C:\Users\Utente\Desktop\WSTesi\Nest4J\lib\clipper.jar;C:\Users\Utente\Desktop\WSTesi\Nest4J\lib\clipperGUI.jar;C:\Users\Utente\.m2\repository\junit\junit\4.11\junit-4.11.jar;C:\Users\Utente\.m2\repository\org\hamcrest\hamcrest-core\1.3\hamcrest-core-1.3.jar;C:\Users\Utente\.m2\repository\com\google\code\gson\gson\2.8.2\gson-2.8.2.jar;C:\Users\Utente\.m2\repository\xml-apis\xml-apis\1.0.b2\xml-apis-1.0.b2.jar;C:\Users\Utente\.m2\repository\org\jfree\org.jfree.svg\5.0.2\org.jfree.svg-5.0.2.jar;C:\Users\Utente\.m2\repository\org\uncommons\watchmaker\watchmaker-framework\0.7.1\watchmaker-framework-0.7.1.jar;C:\Users\Utente\.m2\repository\org\uncommons\maths\uncommons-maths\1.2.1\uncommons-maths-1.2.1.jar;C:\Users\Utente\.m2\repository\com\google\collections\google-collections\1.0\google-collections-1.0.jar;C:\Users\Utente\.m2\repository\org\apache\xmlgraphics\batik-svg-dom\1.14\batik-svg-dom-1.14.jar;C:\Users\Utente\.m2\repository\org\apache\xmlgraphics\batik-awt-util\1.14\batik-awt-util-1.14.jar;C:\Users\Utente\.m2\repository\org\apache\xmlgraphics\xmlgraphics-commons\2.6\xmlgraphics-commons-2.6.jar;C:\Users\Utente\.m2\repository\commons-io\commons-io\1.3.1\commons-io-1.3.1.jar;C:\Users\Utente\.m2\repository\commons-logging\commons-logging\1.0.4\commons-logging-1.0.4.jar;C:\Users\Utente\.m2\repository\org\apache\xmlgraphics\batik-css\1.14\batik-css-1.14.jar;C:\Users\Utente\.m2\repository\org\apache\xmlgraphics\batik-dom\1.14\batik-dom-1.14.jar;C:\Users\Utente\.m2\repository\org\apache\xmlgraphics\batik-xml\1.14\batik-xml-1.14.jar;C:\Users\Utente\.m2\repository\xalan\xalan\2.7.2\xalan-2.7.2.jar;C:\Users\Utente\.m2\repository\xalan\serializer\2.7.2\serializer-2.7.2.jar;C:\Users\Utente\.m2\repository\org\apache\xmlgraphics\batik-ext\1.14\batik-ext-1.14.jar;C:\Users\Utente\.m2\repository\org\apache\xmlgraphics\batik-parser\1.14\batik-parser-1.14.jar;C:\Users\Utente\.m2\repository\org\apache\x
Launcher Type: SUN_STANDARD

[Global flags]
     intx CICompilerCount                          = 4                                         {product} {ergonomic}
     uint ConcGCThreads                            = 2                                         {product} {ergonomic}
     uint G1ConcRefinementThreads                  = 8                                         {product} {ergonomic}
   size_t G1HeapRegionSize                         = 2097152                                   {product} {ergonomic}
    uintx GCDrainStackTargetSize                   = 64                                        {product} {ergonomic}
   size_t InitialHeapSize                          = 268435456                                 {product} {ergonomic}
   size_t MarkStackSize                            = 4194304                                   {product} {ergonomic}
   size_t MaxHeapSize                              = 4265607168                                {product} {ergonomic}
   size_t MaxNewSize                               = 2558525440                                {product} {ergonomic}
   size_t MinHeapDeltaBytes                        = 2097152                                   {product} {ergonomic}
   size_t MinHeapSize                              = 8388608                                   {product} {ergonomic}
    uintx NonNMethodCodeHeapSize                   = 5839372                                {pd product} {ergonomic}
    uintx NonProfiledCodeHeapSize                  = 122909434                              {pd product} {ergonomic}
    uintx ProfiledCodeHeapSize                     = 122909434                              {pd product} {ergonomic}
    uintx ReservedCodeCacheSize                    = 251658240                              {pd product} {ergonomic}
     bool SegmentedCodeCache                       = true                                      {product} {ergonomic}
     bool ShowCodeDetailsInExceptionMessages       = true                                   {manageable} {command line}
   size_t SoftMaxHeapSize                          = 4265607168                             {manageable} {ergonomic}
     bool UseCompressedClassPointers               = true                                 {lp64_product} {ergonomic}
     bool UseCompressedOops                        = true                                 {lp64_product} {ergonomic}
     bool UseG1GC                                  = true                                      {product} {ergonomic}
     bool UseLargePagesIndividualAllocation        = false                                  {pd product} {ergonomic}

Logging:
Log output configuration:
 #0: stdout all=warning uptime,level,tags
 #1: stderr all=off uptime,level,tags

Environment Variables:
JAVA_HOME=C:\Program Files\Android\jdk\microsoft_dist_openjdk_1.8.0.25
PATH=C:/Users/Utente/Desktop/eclipse-info3-2021-06/eclipse//plugins/org.eclipse.justj.openjdk.hotspot.jre.full.win32.x86_64_15.0.2.v20210201-0955/jre/bin/server;C:/Users/Utente/Desktop/eclipse-info3-2021-06/eclipse//plugins/org.eclipse.justj.openjdk.hotspot.jre.full.win32.x86_64_15.0.2.v20210201-0955/jre/bin;C:\Users\Utente\Desktop\eclipse-info3-2021-06\MinGW\bin;C:\Program Files\Common Files\Oracle\Java\javapath;C:\Program Files (x86)\Common Files\Oracle\Java\javapath;C:\Program Files (x86)\Intel\iCLS Client\;C:\Program Files\Intel\iCLS Client\;C:\Windows\system32;C:\Windows;C:\Windows\System32\Wbem;C:\Windows\System32\WindowsPowerShell\v1.0\;C:\Program Files\Intel\WiFi\bin\;C:\Program Files\Common Files\Intel\WirelessCommon\;C:\Program Files (x86)\Intel\Intel(R) Management Engine Components\DAL;C:\Program Files\Intel\Intel(R) Management Engine Components\DAL;C:\Program Files (x86)\Intel\Intel(R) Management Engine Components\IPT;C:\Program Files\Intel\Intel(R) Management Engine Components\IPT;C:\WINDOWS\system32;C:\WINDOWS;C:\WINDOWS\System32\Wbem;C:\WINDOWS\System32\WindowsPowerShell\v1.0\;C:\WINDOWS\System32\OpenSSH\;C:\Program Files\NVIDIA Corporation\NVIDIA NvDLISR;C:\Program Files\dotnet\;C:\Program Files\Microsoft SQL Server\130\Tools\Binn\;C:\Program Files (x86)\NVIDIA Corporation\PhysX\Common;D:\Program Files\MATLAB\R2019b\bin;D:\cygwin\bin;C:\Program Files\Java\jdk1.7.0_40\bin;C:\Program Files\Calibre2\;C:\WINDOWS\system32;C:\WINDOWS;C:\WINDOWS\System32\Wbem;C:\WINDOWS\System32\WindowsPowerShell\v1.0\;C:\WINDOWS\System32\OpenSSH\;C:\Program Files\Java\jdk-15.0.2\bin;C:\Users\Utente\AppData\Local\Microsoft\WindowsApps;C:\Users\Utente\AppData\Local\GitHubDesktop\bin;C:\Users\Utente\.dotnet\tools; ;C:\Users\Utente\Desktop\eclipse-info3-2021-06;
USERNAME=Utente
OS=Windows_NT
PROCESSOR_IDENTIFIER=Intel64 Family 6 Model 158 Stepping 9, GenuineIntel



---------------  S Y S T E M  ---------------

OS:
 Windows 10 , 64 bit Build 19041 (10.0.19041.1645)
OS uptime: 1 days 20:47 hours

CPU: total 8 (initial active 8) (4 cores per cpu, 2 threads per core) family 6 model 158 stepping 9 microcode 0xb4, cmov, cx8, fxsr, mmx, sse, sse2, sse3, ssse3, sse4.1, sse4.2, popcnt, vzeroupper, avx, avx2, aes, clmul, erms, 3dnowpref, lzcnt, ht, tsc, tscinvbit, bmi1, bmi2, adx, fma, clflush, clflushopt

Memory: 4k page, system-wide physical 16268M (551M free)
TotalPageFile size 31288M (AvailPageFile size 5M)
current process WorkingSet (physical memory assigned to process): 354M, peak: 354M
current process commit charge ("private bytes"): 504M, peak: 505M

vm_info: OpenJDK 64-Bit Server VM (15.0.2+7-27) for windows-amd64 JRE (15.0.2+7-27), built on Dec  7 2020 20:02:38 by "mach5one" with unknown MS VC++:1925

END.
