#
# There is insufficient memory for the Java Runtime Environment to continue.
# Native memory allocation (mmap) failed to map 77594624 bytes for G1 virtual space
# Possible reasons:
#   The system is out of physical RAM or swap space
#   The process is running with CompressedOops enabled, and the Java Heap may be blocking the growth of the native heap
# Possible solutions:
#   Reduce memory load on the system
#   Increase physical memory or swap space
#   Check if swap backing store is full
#   Decrease Java heap size (-Xmx/-Xms)
#   Decrease number of Java threads
#   Decrease Java thread stack sizes (-Xss)
#   Set larger code cache with -XX:ReservedCodeCacheSize=
#   JVM is running with Zero Based Compressed Oops mode in which the Java heap is
#     placed in the first 32GB address space. The Java Heap base address is the
#     maximum limit for the native heap growth. Please use -XX:HeapBaseMinAddress
#     to set the Java Heap base and to place the Java Heap above 32GB virtual address.
# This output file may be truncated or incomplete.
#
#  Out of Memory Error (./open/src/hotspot/os/windows/os_windows.cpp:3321), pid=14572, tid=6712
#
# JRE version: OpenJDK Runtime Environment (15.0.2+7) (build 15.0.2+7-27)
# Java VM: OpenJDK 64-Bit Server VM (15.0.2+7-27, mixed mode, tiered, compressed oops, g1 gc, windows-amd64)
# No core dump will be written. Minidumps are not enabled by default on client versions of Windows
#

---------------  S U M M A R Y ------------

Command Line: -Dfile.encoding=Cp1252 -XX:+ShowCodeDetailsInExceptionMessages com.qunhe.util.nest.jenetics.Main_Jenetics

Host: Intel(R) Core(TM) i7-7700HQ CPU @ 2.80GHz, 8 cores, 15G,  Windows 10 , 64 bit Build 19041 (10.0.19041.1645)
Time: Fri Apr 15 17:50:23 2022 ora legale Europa occidentale elapsed time: 5.847052 seconds (0d 0h 0m 5s)

---------------  T H R E A D  ---------------

Current thread (0x00000280ab2eb380):  VMThread "VM Thread" [stack: 0x000000f948300000,0x000000f948400000] [id=6712]

Stack: [0x000000f948300000,0x000000f948400000]
[error occurred during error reporting (printing stack bounds), id 0xc0000005, EXCEPTION_ACCESS_VIOLATION (0xc0000005) at pc=0x000002808fe110ad]

Native frames: (J=compiled Java code, j=interpreted, Vv=VM code, C=native code)
V  [jvm.dll+0x62ae9a]
V  [jvm.dll+0x7817a9]
V  [jvm.dll+0x782f03]
V  [jvm.dll+0x7834c5]
V  [jvm.dll+0x78347b]
V  [jvm.dll+0x62a2b9]
V  [jvm.dll+0x62aa88]
C  [ntdll.dll+0xa20cf]
C  [ntdll.dll+0x51454]
C  [ntdll.dll+0xa0bfe]
C  0x000002808fe110ad

VM_Operation (0x000000f9499fe400): G1CollectForAllocation, mode: safepoint, requested by thread 0x00000280ac7d66c0


---------------  P R O C E S S  ---------------

Threads class SMR info:
_java_thread_list=0x00000280ad992350, length=21, elements={
0x000002808c3f7060, 0x00000280ab2fe380, 0x00000280abba7010, 0x00000280abbc6430,
0x00000280abbc8e00, 0x00000280abbcccd0, 0x00000280abbd75f0, 0x00000280abbd8190,
0x00000280abbeb370, 0x00000280abd5b7d0, 0x00000280abd80550, 0x00000280ac5a1c90,
0x00000280ac5a2160, 0x00000280ac5a2630, 0x00000280ac45db90, 0x00000280ac45e060,
0x00000280ac45e530, 0x00000280ac45ea00, 0x00000280ac740400, 0x00000280ac7408d0,
0x00000280ac7d66c0
}

Java Threads: ( => current thread )
  0x000002808c3f7060 JavaThread "main" [_thread_blocked, id=17636, stack(0x000000f947d00000,0x000000f947e00000)]
  0x00000280ab2fe380 JavaThread "Reference Handler" daemon [_thread_blocked, id=17852, stack(0x000000f948400000,0x000000f948500000)]
  0x00000280abba7010 JavaThread "Finalizer" daemon [_thread_blocked, id=672, stack(0x000000f948500000,0x000000f948600000)]
  0x00000280abbc6430 JavaThread "Signal Dispatcher" daemon [_thread_blocked, id=17856, stack(0x000000f948600000,0x000000f948700000)]
  0x00000280abbc8e00 JavaThread "Attach Listener" daemon [_thread_blocked, id=17428, stack(0x000000f948700000,0x000000f948800000)]
  0x00000280abbcccd0 JavaThread "Service Thread" daemon [_thread_blocked, id=17752, stack(0x000000f948800000,0x000000f948900000)]
  0x00000280abbd75f0 JavaThread "C2 CompilerThread0" daemon [_thread_blocked, id=13300, stack(0x000000f948900000,0x000000f948a00000)]
  0x00000280abbd8190 JavaThread "C1 CompilerThread0" daemon [_thread_blocked, id=17464, stack(0x000000f948a00000,0x000000f948b00000)]
  0x00000280abbeb370 JavaThread "Sweeper thread" daemon [_thread_blocked, id=7200, stack(0x000000f948b00000,0x000000f948c00000)]
  0x00000280abd5b7d0 JavaThread "Notification Thread" daemon [_thread_blocked, id=17944, stack(0x000000f948c00000,0x000000f948d00000)]
  0x00000280abd80550 JavaThread "Common-Cleaner" daemon [_thread_blocked, id=17980, stack(0x000000f948e00000,0x000000f948f00000)]
  0x00000280ac5a1c90 JavaThread "pool-1-thread-1" [_thread_blocked, id=18000, stack(0x000000f949000000,0x000000f949100000)]
  0x00000280ac5a2160 JavaThread "pool-1-thread-2" [_thread_blocked, id=18020, stack(0x000000f949100000,0x000000f949200000)]
  0x00000280ac5a2630 JavaThread "pool-1-thread-3" [_thread_blocked, id=18036, stack(0x000000f949200000,0x000000f949300000)]
  0x00000280ac45db90 JavaThread "pool-1-thread-4" [_thread_blocked, id=18040, stack(0x000000f949300000,0x000000f949400000)]
  0x00000280ac45e060 JavaThread "pool-1-thread-5" [_thread_blocked, id=17984, stack(0x000000f949400000,0x000000f949500000)]
  0x00000280ac45e530 JavaThread "pool-1-thread-6" [_thread_blocked, id=17960, stack(0x000000f949500000,0x000000f949600000)]
  0x00000280ac45ea00 JavaThread "pool-1-thread-7" [_thread_blocked, id=18004, stack(0x000000f949600000,0x000000f949700000)]
  0x00000280ac740400 JavaThread "pool-1-thread-8" [_thread_blocked, id=18008, stack(0x000000f949700000,0x000000f949800000)]
  0x00000280ac7408d0 JavaThread "pool-1-thread-9" [_thread_blocked, id=18012, stack(0x000000f949800000,0x000000f949900000)]
  0x00000280ac7d66c0 JavaThread "pool-1-thread-10" [_thread_blocked, id=18044, stack(0x000000f949900000,0x000000f949a00000)]

Other Threads:
=>0x00000280ab2eb380 VMThread "VM Thread" [stack: 0x000000f948300000,0x000000f948400000] [id=6712]
  0x00000280abd5bca0 WatcherThread [stack: 0x000000f948d00000,0x000000f948e00000] [id=17948]
  0x000002808c448c30 GCTaskThread "GC Thread#0" [stack: 0x000000f947e00000,0x000000f947f00000] [id=4632]
  0x00000280ac81ac80 GCTaskThread "GC Thread#1" [stack: 0x000000f949b00000,0x000000f949c00000] [id=18024]
  0x00000280ac81a950 GCTaskThread "GC Thread#2" [stack: 0x000000f949c00000,0x000000f949d00000] [id=18028]
  0x00000280ac81cf90 GCTaskThread "GC Thread#3" [stack: 0x000000f949d00000,0x000000f949e00000] [id=18032]
  0x00000280ac81b610 GCTaskThread "GC Thread#4" [stack: 0x000000f949e00000,0x000000f949f00000] [id=17976]
  0x00000280ac819960 GCTaskThread "GC Thread#5" [stack: 0x000000f949f00000,0x000000f94a000000] [id=17880]
  0x00000280ac81c930 GCTaskThread "GC Thread#6" [stack: 0x000000f94a000000,0x000000f94a100000] [id=18056]
  0x00000280ac81c2d0 GCTaskThread "GC Thread#7" [stack: 0x000000f94a100000,0x000000f94a200000] [id=17968]
  0x000002808c45b470 ConcurrentGCThread "G1 Main Marker" [stack: 0x000000f947f00000,0x000000f948000000] [id=17876]
  0x000002808c45d070 ConcurrentGCThread "G1 Conc#0" [stack: 0x000000f948000000,0x000000f948100000] [id=11976]
  0x00000280ab1940f0 ConcurrentGCThread "G1 Refine#0" [stack: 0x000000f948100000,0x000000f948200000] [id=17740]
  0x00000280ab194cf0 ConcurrentGCThread "G1 Young RemSet Sampling" [stack: 0x000000f948200000,0x000000f948300000] [id=17432]

Threads with active compile tasks:

VM state: at safepoint (normal execution)

VM Mutex/Monitor currently owned by a thread:  ([mutex/lock_event])
[0x000002808c3f36f0] Threads_lock - owner thread: 0x00000280ab2eb380
[0x000002808c3f3300] Heap_lock - owner thread: 0x00000280ac7d66c0

Heap address: 0x0000000701c00000, size: 4068 MB, Compressed Oops mode: Zero based, Oop shift amount: 3
CDS disabled.
Compressed class space mapped at: 0x0000000800000000-0x0000000840000000, size: 1073741824
Narrow klass base: 0x0000000800000000, Narrow klass shift: 0, Narrow klass range: 0x40000000

GC Precious Log:
 CPUs: 8 total, 8 available
 Memory: 16268M
 Large Page Support: Disabled
 NUMA Support: Disabled
 Compressed Oops: Enabled (Zero based)
 Heap Region Size: 2M
 Heap Min Capacity: 8M
 Heap Initial Capacity: 256M
 Heap Max Capacity: 4068M
 Pre-touch: Disabled
 Parallel Workers: 8
 Concurrent Workers: 2
 Concurrent Refinement Workers: 8
 Periodic GC: Disabled

Heap:
 garbage-first heap   total 454656K, used 4791K [0x0000000701c00000, 0x0000000800000000)
  region size 2048K, 1 young (2048K), 1 survivors (2048K)
 Metaspace       used 13861K, capacity 14034K, committed 14208K, reserved 1062912K
  class space    used 1258K, capacity 1330K, committed 1408K, reserved 1048576K

Heap Regions: E=young(eden), S=young(survivor), O=old, HS=humongous(starts), HC=humongous(continues), CS=collection set, F=free, OA=open archive, CA=closed archive, TAMS=top-at-mark-start (previous, next)
|   0|0x0000000701c00000, 0x0000000701e00000, 0x0000000701e00000|100%| O|  |TAMS 0x0000000701c00000, 0x0000000701c00000| Untracked 
|   1|0x0000000701e00000, 0x0000000702000000, 0x0000000702000000|100%| O|  |TAMS 0x0000000701e00000, 0x0000000701e00000| Untracked 
|   2|0x0000000702000000, 0x000000070203b400, 0x0000000702200000| 11%| O|  |TAMS 0x0000000702000000, 0x0000000702000000| Untracked 
|   3|0x0000000702200000, 0x0000000702200000, 0x0000000702400000|  0%| F|  |TAMS 0x0000000702200000, 0x0000000702200000| Untracked 
|   4|0x0000000702400000, 0x0000000702400000, 0x0000000702600000|  0%| F|  |TAMS 0x0000000702400000, 0x0000000702400000| Untracked 
|   5|0x0000000702600000, 0x0000000702600000, 0x0000000702800000|  0%| F|  |TAMS 0x0000000702600000, 0x0000000702600000| Untracked 
|   6|0x0000000702800000, 0x0000000702800000, 0x0000000702a00000|  0%| F|  |TAMS 0x0000000702800000, 0x0000000702800000| Untracked 
|   7|0x0000000702a00000, 0x0000000702a00000, 0x0000000702c00000|  0%| F|  |TAMS 0x0000000702a00000, 0x0000000702a00000| Untracked 
|   8|0x0000000702c00000, 0x0000000702c00000, 0x0000000702e00000|  0%| F|  |TAMS 0x0000000702c00000, 0x0000000702c00000| Untracked 
|   9|0x0000000702e00000, 0x0000000702e00000, 0x0000000703000000|  0%| F|  |TAMS 0x0000000702e00000, 0x0000000702e00000| Untracked 
|  10|0x0000000703000000, 0x0000000703000000, 0x0000000703200000|  0%| F|  |TAMS 0x0000000703000000, 0x0000000703000000| Untracked 
|  11|0x0000000703200000, 0x0000000703200000, 0x0000000703400000|  0%| F|  |TAMS 0x0000000703200000, 0x0000000703200000| Untracked 
|  12|0x0000000703400000, 0x0000000703400000, 0x0000000703600000|  0%| F|  |TAMS 0x0000000703400000, 0x0000000703400000| Untracked 
|  13|0x0000000703600000, 0x0000000703600000, 0x0000000703800000|  0%| F|  |TAMS 0x0000000703600000, 0x0000000703600000| Untracked 
|  14|0x0000000703800000, 0x0000000703800000, 0x0000000703a00000|  0%| F|  |TAMS 0x0000000703800000, 0x0000000703800000| Untracked 
|  15|0x0000000703a00000, 0x0000000703a00000, 0x0000000703c00000|  0%| F|  |TAMS 0x0000000703a00000, 0x0000000703a00000| Untracked 
|  16|0x0000000703c00000, 0x0000000703c00000, 0x0000000703e00000|  0%| F|  |TAMS 0x0000000703c00000, 0x0000000703c00000| Untracked 
|  17|0x0000000703e00000, 0x0000000703e00000, 0x0000000704000000|  0%| F|  |TAMS 0x0000000703e00000, 0x0000000703e00000| Untracked 
|  18|0x0000000704000000, 0x0000000704000000, 0x0000000704200000|  0%| F|  |TAMS 0x0000000704000000, 0x0000000704000000| Untracked 
|  19|0x0000000704200000, 0x0000000704200000, 0x0000000704400000|  0%| F|  |TAMS 0x0000000704200000, 0x0000000704200000| Untracked 
|  20|0x0000000704400000, 0x0000000704400000, 0x0000000704600000|  0%| F|  |TAMS 0x0000000704400000, 0x0000000704400000| Untracked 
|  21|0x0000000704600000, 0x0000000704600000, 0x0000000704800000|  0%| F|  |TAMS 0x0000000704600000, 0x0000000704600000| Untracked 
|  22|0x0000000704800000, 0x0000000704800000, 0x0000000704a00000|  0%| F|  |TAMS 0x0000000704800000, 0x0000000704800000| Untracked 
|  23|0x0000000704a00000, 0x0000000704a00000, 0x0000000704c00000|  0%| F|  |TAMS 0x0000000704a00000, 0x0000000704a00000| Untracked 
|  24|0x0000000704c00000, 0x0000000704c00000, 0x0000000704e00000|  0%| F|  |TAMS 0x0000000704c00000, 0x0000000704c00000| Untracked 
|  25|0x0000000704e00000, 0x0000000704e00000, 0x0000000705000000|  0%| F|  |TAMS 0x0000000704e00000, 0x0000000704e00000| Untracked 
|  26|0x0000000705000000, 0x0000000705000000, 0x0000000705200000|  0%| F|  |TAMS 0x0000000705000000, 0x0000000705000000| Untracked 
|  27|0x0000000705200000, 0x0000000705200000, 0x0000000705400000|  0%| F|  |TAMS 0x0000000705200000, 0x0000000705200000| Untracked 
|  28|0x0000000705400000, 0x0000000705400000, 0x0000000705600000|  0%| F|  |TAMS 0x0000000705400000, 0x0000000705400000| Untracked 
|  29|0x0000000705600000, 0x0000000705600000, 0x0000000705800000|  0%| F|  |TAMS 0x0000000705600000, 0x0000000705600000| Untracked 
|  30|0x0000000705800000, 0x0000000705800000, 0x0000000705a00000|  0%| F|  |TAMS 0x0000000705800000, 0x0000000705800000| Untracked 
|  31|0x0000000705a00000, 0x0000000705a00000, 0x0000000705c00000|  0%| F|  |TAMS 0x0000000705a00000, 0x0000000705a00000| Untracked 
|  32|0x0000000705c00000, 0x0000000705c00000, 0x0000000705e00000|  0%| F|  |TAMS 0x0000000705c00000, 0x0000000705c00000| Untracked 
|  33|0x0000000705e00000, 0x0000000705e00000, 0x0000000706000000|  0%| F|  |TAMS 0x0000000705e00000, 0x0000000705e00000| Untracked 
|  34|0x0000000706000000, 0x0000000706000000, 0x0000000706200000|  0%| F|  |TAMS 0x0000000706000000, 0x0000000706000000| Untracked 
|  35|0x0000000706200000, 0x0000000706200000, 0x0000000706400000|  0%| F|  |TAMS 0x0000000706200000, 0x0000000706200000| Untracked 
|  36|0x0000000706400000, 0x0000000706400000, 0x0000000706600000|  0%| F|  |TAMS 0x0000000706400000, 0x0000000706400000| Untracked 
|  37|0x0000000706600000, 0x0000000706600000, 0x0000000706800000|  0%| F|  |TAMS 0x0000000706600000, 0x0000000706600000| Untracked 
|  38|0x0000000706800000, 0x0000000706800000, 0x0000000706a00000|  0%| F|  |TAMS 0x0000000706800000, 0x0000000706800000| Untracked 
|  39|0x0000000706a00000, 0x0000000706a00000, 0x0000000706c00000|  0%| F|  |TAMS 0x0000000706a00000, 0x0000000706a00000| Untracked 
|  40|0x0000000706c00000, 0x0000000706c00000, 0x0000000706e00000|  0%| F|  |TAMS 0x0000000706c00000, 0x0000000706c00000| Untracked 
|  41|0x0000000706e00000, 0x0000000706e00000, 0x0000000707000000|  0%| F|  |TAMS 0x0000000706e00000, 0x0000000706e00000| Untracked 
|  42|0x0000000707000000, 0x0000000707000000, 0x0000000707200000|  0%| F|  |TAMS 0x0000000707000000, 0x0000000707000000| Untracked 
|  43|0x0000000707200000, 0x0000000707200000, 0x0000000707400000|  0%| F|  |TAMS 0x0000000707200000, 0x0000000707200000| Untracked 
|  44|0x0000000707400000, 0x0000000707400000, 0x0000000707600000|  0%| F|  |TAMS 0x0000000707400000, 0x0000000707400000| Untracked 
|  45|0x0000000707600000, 0x0000000707600000, 0x0000000707800000|  0%| F|  |TAMS 0x0000000707600000, 0x0000000707600000| Untracked 
|  46|0x0000000707800000, 0x0000000707800000, 0x0000000707a00000|  0%| F|  |TAMS 0x0000000707800000, 0x0000000707800000| Untracked 
|  47|0x0000000707a00000, 0x0000000707a00000, 0x0000000707c00000|  0%| F|  |TAMS 0x0000000707a00000, 0x0000000707a00000| Untracked 
|  48|0x0000000707c00000, 0x0000000707c00000, 0x0000000707e00000|  0%| F|  |TAMS 0x0000000707c00000, 0x0000000707c00000| Untracked 
|  49|0x0000000707e00000, 0x0000000707e00000, 0x0000000708000000|  0%| F|  |TAMS 0x0000000707e00000, 0x0000000707e00000| Untracked 
|  50|0x0000000708000000, 0x0000000708000000, 0x0000000708200000|  0%| F|  |TAMS 0x0000000708000000, 0x0000000708000000| Untracked 
|  51|0x0000000708200000, 0x0000000708200000, 0x0000000708400000|  0%| F|  |TAMS 0x0000000708200000, 0x0000000708200000| Untracked 
|  52|0x0000000708400000, 0x0000000708400000, 0x0000000708600000|  0%| F|  |TAMS 0x0000000708400000, 0x0000000708400000| Untracked 
|  53|0x0000000708600000, 0x0000000708600000, 0x0000000708800000|  0%| F|  |TAMS 0x0000000708600000, 0x0000000708600000| Untracked 
|  54|0x0000000708800000, 0x0000000708800000, 0x0000000708a00000|  0%| F|  |TAMS 0x0000000708800000, 0x0000000708800000| Untracked 
|  55|0x0000000708a00000, 0x0000000708a00000, 0x0000000708c00000|  0%| F|  |TAMS 0x0000000708a00000, 0x0000000708a00000| Untracked 
|  56|0x0000000708c00000, 0x0000000708c00000, 0x0000000708e00000|  0%| F|  |TAMS 0x0000000708c00000, 0x0000000708c00000| Untracked 
|  57|0x0000000708e00000, 0x0000000708e00000, 0x0000000709000000|  0%| F|  |TAMS 0x0000000708e00000, 0x0000000708e00000| Untracked 
|  58|0x0000000709000000, 0x0000000709000000, 0x0000000709200000|  0%| F|  |TAMS 0x0000000709000000, 0x0000000709000000| Untracked 
|  59|0x0000000709200000, 0x0000000709200000, 0x0000000709400000|  0%| F|  |TAMS 0x0000000709200000, 0x0000000709200000| Untracked 
|  60|0x0000000709400000, 0x0000000709400000, 0x0000000709600000|  0%| F|  |TAMS 0x0000000709400000, 0x0000000709400000| Untracked 
|  61|0x0000000709600000, 0x0000000709600000, 0x0000000709800000|  0%| F|  |TAMS 0x0000000709600000, 0x0000000709600000| Untracked 
|  62|0x0000000709800000, 0x0000000709800000, 0x0000000709a00000|  0%| F|  |TAMS 0x0000000709800000, 0x0000000709800000| Untracked 
|  63|0x0000000709a00000, 0x0000000709a00000, 0x0000000709c00000|  0%| F|  |TAMS 0x0000000709a00000, 0x0000000709a00000| Untracked 
|  64|0x0000000709c00000, 0x0000000709c00000, 0x0000000709e00000|  0%| F|  |TAMS 0x0000000709c00000, 0x0000000709c00000| Untracked 
|  65|0x0000000709e00000, 0x0000000709e00000, 0x000000070a000000|  0%| F|  |TAMS 0x0000000709e00000, 0x0000000709e00000| Untracked 
|  66|0x000000070a000000, 0x000000070a000000, 0x000000070a200000|  0%| F|  |TAMS 0x000000070a000000, 0x000000070a000000| Untracked 
|  67|0x000000070a200000, 0x000000070a200000, 0x000000070a400000|  0%| F|  |TAMS 0x000000070a200000, 0x000000070a200000| Untracked 
|  68|0x000000070a400000, 0x000000070a400000, 0x000000070a600000|  0%| F|  |TAMS 0x000000070a400000, 0x000000070a400000| Untracked 
|  69|0x000000070a600000, 0x000000070a600000, 0x000000070a800000|  0%| F|  |TAMS 0x000000070a600000, 0x000000070a600000| Untracked 
|  70|0x000000070a800000, 0x000000070a800000, 0x000000070aa00000|  0%| F|  |TAMS 0x000000070a800000, 0x000000070a800000| Untracked 
|  71|0x000000070aa00000, 0x000000070aa00000, 0x000000070ac00000|  0%| F|  |TAMS 0x000000070aa00000, 0x000000070aa00000| Untracked 
|  72|0x000000070ac00000, 0x000000070ac00000, 0x000000070ae00000|  0%| F|  |TAMS 0x000000070ac00000, 0x000000070ac00000| Untracked 
|  73|0x000000070ae00000, 0x000000070ae72858, 0x000000070b000000| 22%| S|CS|TAMS 0x000000070ae00000, 0x000000070ae00000| Complete 
|  74|0x000000070b000000, 0x000000070b000000, 0x000000070b200000|  0%| F|  |TAMS 0x000000070b000000, 0x000000070b000000| Untracked 
|  75|0x000000070b200000, 0x000000070b200000, 0x000000070b400000|  0%| F|  |TAMS 0x000000070b200000, 0x000000070b200000| Untracked 
|  76|0x000000070b400000, 0x000000070b400000, 0x000000070b600000|  0%| F|  |TAMS 0x000000070b400000, 0x000000070b400000| Untracked 
|  77|0x000000070b600000, 0x000000070b600000, 0x000000070b800000|  0%| F|  |TAMS 0x000000070b600000, 0x000000070b600000| Untracked 
|  78|0x000000070b800000, 0x000000070b800000, 0x000000070ba00000|  0%| F|  |TAMS 0x000000070b800000, 0x000000070b800000| Untracked 
|  79|0x000000070ba00000, 0x000000070ba00000, 0x000000070bc00000|  0%| F|  |TAMS 0x000000070ba00000, 0x000000070ba00000| Untracked 
|  80|0x000000070bc00000, 0x000000070bc00000, 0x000000070be00000|  0%| F|  |TAMS 0x000000070bc00000, 0x000000070bc00000| Untracked 
|  81|0x000000070be00000, 0x000000070be00000, 0x000000070c000000|  0%| F|  |TAMS 0x000000070be00000, 0x000000070be00000| Untracked 
|  82|0x000000070c000000, 0x000000070c000000, 0x000000070c200000|  0%| F|  |TAMS 0x000000070c000000, 0x000000070c000000| Untracked 
|  83|0x000000070c200000, 0x000000070c200000, 0x000000070c400000|  0%| F|  |TAMS 0x000000070c200000, 0x000000070c200000| Untracked 
|  84|0x000000070c400000, 0x000000070c400000, 0x000000070c600000|  0%| F|  |TAMS 0x000000070c400000, 0x000000070c400000| Untracked 
|  85|0x000000070c600000, 0x000000070c600000, 0x000000070c800000|  0%| F|  |TAMS 0x000000070c600000, 0x000000070c600000| Untracked 
|  86|0x000000070c800000, 0x000000070c800000, 0x000000070ca00000|  0%| F|  |TAMS 0x000000070c800000, 0x000000070c800000| Untracked 
|  87|0x000000070ca00000, 0x000000070ca00000, 0x000000070cc00000|  0%| F|  |TAMS 0x000000070ca00000, 0x000000070ca00000| Untracked 
|  88|0x000000070cc00000, 0x000000070cc00000, 0x000000070ce00000|  0%| F|  |TAMS 0x000000070cc00000, 0x000000070cc00000| Untracked 
|  89|0x000000070ce00000, 0x000000070ce00000, 0x000000070d000000|  0%| F|  |TAMS 0x000000070ce00000, 0x000000070ce00000| Untracked 
|  90|0x000000070d000000, 0x000000070d000000, 0x000000070d200000|  0%| F|  |TAMS 0x000000070d000000, 0x000000070d000000| Untracked 
|  91|0x000000070d200000, 0x000000070d200000, 0x000000070d400000|  0%| F|  |TAMS 0x000000070d200000, 0x000000070d200000| Untracked 
|  92|0x000000070d400000, 0x000000070d400000, 0x000000070d600000|  0%| F|  |TAMS 0x000000070d400000, 0x000000070d400000| Untracked 
|  93|0x000000070d600000, 0x000000070d600000, 0x000000070d800000|  0%| F|  |TAMS 0x000000070d600000, 0x000000070d600000| Untracked 
|  94|0x000000070d800000, 0x000000070d800000, 0x000000070da00000|  0%| F|  |TAMS 0x000000070d800000, 0x000000070d800000| Untracked 
|  95|0x000000070da00000, 0x000000070da00000, 0x000000070dc00000|  0%| F|  |TAMS 0x000000070da00000, 0x000000070da00000| Untracked 
|  96|0x000000070dc00000, 0x000000070dc00000, 0x000000070de00000|  0%| F|  |TAMS 0x000000070dc00000, 0x000000070dc00000| Untracked 
|  97|0x000000070de00000, 0x000000070de00000, 0x000000070e000000|  0%| F|  |TAMS 0x000000070de00000, 0x000000070de00000| Untracked 
|  98|0x000000070e000000, 0x000000070e000000, 0x000000070e200000|  0%| F|  |TAMS 0x000000070e000000, 0x000000070e000000| Untracked 
|  99|0x000000070e200000, 0x000000070e200000, 0x000000070e400000|  0%| F|  |TAMS 0x000000070e200000, 0x000000070e200000| Untracked 
| 100|0x000000070e400000, 0x000000070e400000, 0x000000070e600000|  0%| F|  |TAMS 0x000000070e400000, 0x000000070e400000| Untracked 
| 101|0x000000070e600000, 0x000000070e600000, 0x000000070e800000|  0%| F|  |TAMS 0x000000070e600000, 0x000000070e600000| Untracked 
| 102|0x000000070e800000, 0x000000070e800000, 0x000000070ea00000|  0%| F|  |TAMS 0x000000070e800000, 0x000000070e800000| Untracked 
| 103|0x000000070ea00000, 0x000000070ea00000, 0x000000070ec00000|  0%| F|  |TAMS 0x000000070ea00000, 0x000000070ea00000| Untracked 
| 104|0x000000070ec00000, 0x000000070ec00000, 0x000000070ee00000|  0%| F|  |TAMS 0x000000070ec00000, 0x000000070ec00000| Untracked 
| 105|0x000000070ee00000, 0x000000070ee00000, 0x000000070f000000|  0%| F|  |TAMS 0x000000070ee00000, 0x000000070ee00000| Untracked 
| 106|0x000000070f000000, 0x000000070f000000, 0x000000070f200000|  0%| F|  |TAMS 0x000000070f000000, 0x000000070f000000| Untracked 
| 107|0x000000070f200000, 0x000000070f200000, 0x000000070f400000|  0%| F|  |TAMS 0x000000070f200000, 0x000000070f200000| Untracked 
| 108|0x000000070f400000, 0x000000070f400000, 0x000000070f600000|  0%| F|  |TAMS 0x000000070f400000, 0x000000070f400000| Untracked 
| 109|0x000000070f600000, 0x000000070f600000, 0x000000070f800000|  0%| F|  |TAMS 0x000000070f600000, 0x000000070f600000| Untracked 
| 110|0x000000070f800000, 0x000000070f800000, 0x000000070fa00000|  0%| F|  |TAMS 0x000000070f800000, 0x000000070f800000| Untracked 
| 111|0x000000070fa00000, 0x000000070fa00000, 0x000000070fc00000|  0%| F|  |TAMS 0x000000070fa00000, 0x000000070fa00000| Untracked 
| 112|0x000000070fc00000, 0x000000070fc00000, 0x000000070fe00000|  0%| F|  |TAMS 0x000000070fc00000, 0x000000070fc00000| Untracked 
| 113|0x000000070fe00000, 0x000000070fe00000, 0x0000000710000000|  0%| F|  |TAMS 0x000000070fe00000, 0x000000070fe00000| Untracked 
| 114|0x0000000710000000, 0x0000000710000000, 0x0000000710200000|  0%| F|  |TAMS 0x0000000710000000, 0x0000000710000000| Untracked 
| 115|0x0000000710200000, 0x0000000710200000, 0x0000000710400000|  0%| F|  |TAMS 0x0000000710200000, 0x0000000710200000| Untracked 
| 116|0x0000000710400000, 0x0000000710400000, 0x0000000710600000|  0%| F|  |TAMS 0x0000000710400000, 0x0000000710400000| Untracked 
| 117|0x0000000710600000, 0x0000000710600000, 0x0000000710800000|  0%| F|  |TAMS 0x0000000710600000, 0x0000000710600000| Untracked 
| 118|0x0000000710800000, 0x0000000710800000, 0x0000000710a00000|  0%| F|  |TAMS 0x0000000710800000, 0x0000000710800000| Untracked 
| 119|0x0000000710a00000, 0x0000000710a00000, 0x0000000710c00000|  0%| F|  |TAMS 0x0000000710a00000, 0x0000000710a00000| Untracked 
| 120|0x0000000710c00000, 0x0000000710c00000, 0x0000000710e00000|  0%| F|  |TAMS 0x0000000710c00000, 0x0000000710c00000| Untracked 
| 121|0x0000000710e00000, 0x0000000710e00000, 0x0000000711000000|  0%| F|  |TAMS 0x0000000710e00000, 0x0000000710e00000| Untracked 
| 122|0x0000000711000000, 0x0000000711000000, 0x0000000711200000|  0%| F|  |TAMS 0x0000000711000000, 0x0000000711000000| Untracked 
| 123|0x0000000711200000, 0x0000000711200000, 0x0000000711400000|  0%| F|  |TAMS 0x0000000711200000, 0x0000000711200000| Untracked 
| 124|0x0000000711400000, 0x0000000711400000, 0x0000000711600000|  0%| F|  |TAMS 0x0000000711400000, 0x0000000711400000| Untracked 
| 125|0x0000000711600000, 0x0000000711600000, 0x0000000711800000|  0%| F|  |TAMS 0x0000000711600000, 0x0000000711600000| Untracked 
| 126|0x0000000711800000, 0x0000000711800000, 0x0000000711a00000|  0%| F|  |TAMS 0x0000000711800000, 0x0000000711800000| Untracked 
| 127|0x0000000711a00000, 0x0000000711a00000, 0x0000000711c00000|  0%| F|  |TAMS 0x0000000711a00000, 0x0000000711a00000| Untracked 
| 128|0x0000000711c00000, 0x0000000711c00000, 0x0000000711e00000|  0%| F|  |TAMS 0x0000000711c00000, 0x0000000711c00000| Untracked 
| 129|0x0000000711e00000, 0x0000000711e00000, 0x0000000712000000|  0%| F|  |TAMS 0x0000000711e00000, 0x0000000711e00000| Untracked 
| 130|0x0000000712000000, 0x0000000712000000, 0x0000000712200000|  0%| F|  |TAMS 0x0000000712000000, 0x0000000712000000| Untracked 
| 131|0x0000000712200000, 0x0000000712200000, 0x0000000712400000|  0%| F|  |TAMS 0x0000000712200000, 0x0000000712200000| Untracked 
| 132|0x0000000712400000, 0x0000000712400000, 0x0000000712600000|  0%| F|  |TAMS 0x0000000712400000, 0x0000000712400000| Untracked 
| 133|0x0000000712600000, 0x0000000712600000, 0x0000000712800000|  0%| F|  |TAMS 0x0000000712600000, 0x0000000712600000| Untracked 
| 134|0x0000000712800000, 0x0000000712800000, 0x0000000712a00000|  0%| F|  |TAMS 0x0000000712800000, 0x0000000712800000| Untracked 
| 135|0x0000000712a00000, 0x0000000712a00000, 0x0000000712c00000|  0%| F|  |TAMS 0x0000000712a00000, 0x0000000712a00000| Untracked 
| 136|0x0000000712c00000, 0x0000000712c00000, 0x0000000712e00000|  0%| F|  |TAMS 0x0000000712c00000, 0x0000000712c00000| Untracked 
| 137|0x0000000712e00000, 0x0000000712e00000, 0x0000000713000000|  0%| F|  |TAMS 0x0000000712e00000, 0x0000000712e00000| Untracked 
| 138|0x0000000713000000, 0x0000000713000000, 0x0000000713200000|  0%| F|  |TAMS 0x0000000713000000, 0x0000000713000000| Untracked 
| 139|0x0000000713200000, 0x0000000713200000, 0x0000000713400000|  0%| F|  |TAMS 0x0000000713200000, 0x0000000713200000| Untracked 
| 140|0x0000000713400000, 0x0000000713400000, 0x0000000713600000|  0%| F|  |TAMS 0x0000000713400000, 0x0000000713400000| Untracked 
| 141|0x0000000713600000, 0x0000000713600000, 0x0000000713800000|  0%| F|  |TAMS 0x0000000713600000, 0x0000000713600000| Untracked 
| 142|0x0000000713800000, 0x0000000713800000, 0x0000000713a00000|  0%| F|  |TAMS 0x0000000713800000, 0x0000000713800000| Untracked 
| 143|0x0000000713a00000, 0x0000000713a00000, 0x0000000713c00000|  0%| F|  |TAMS 0x0000000713a00000, 0x0000000713a00000| Untracked 
| 144|0x0000000713c00000, 0x0000000713c00000, 0x0000000713e00000|  0%| F|  |TAMS 0x0000000713c00000, 0x0000000713c00000| Untracked 
| 145|0x0000000713e00000, 0x0000000713e00000, 0x0000000714000000|  0%| F|  |TAMS 0x0000000713e00000, 0x0000000713e00000| Untracked 
| 146|0x0000000714000000, 0x0000000714000000, 0x0000000714200000|  0%| F|  |TAMS 0x0000000714000000, 0x0000000714000000| Untracked 
| 147|0x0000000714200000, 0x0000000714200000, 0x0000000714400000|  0%| F|  |TAMS 0x0000000714200000, 0x0000000714200000| Untracked 
| 148|0x0000000714400000, 0x0000000714400000, 0x0000000714600000|  0%| F|  |TAMS 0x0000000714400000, 0x0000000714400000| Untracked 
| 149|0x0000000714600000, 0x0000000714600000, 0x0000000714800000|  0%| F|  |TAMS 0x0000000714600000, 0x0000000714600000| Untracked 
| 150|0x0000000714800000, 0x0000000714800000, 0x0000000714a00000|  0%| F|  |TAMS 0x0000000714800000, 0x0000000714800000| Untracked 
| 151|0x0000000714a00000, 0x0000000714a00000, 0x0000000714c00000|  0%| F|  |TAMS 0x0000000714a00000, 0x0000000714a00000| Untracked 
| 152|0x0000000714c00000, 0x0000000714c00000, 0x0000000714e00000|  0%| F|  |TAMS 0x0000000714c00000, 0x0000000714c00000| Untracked 
| 153|0x0000000714e00000, 0x0000000714e00000, 0x0000000715000000|  0%| F|  |TAMS 0x0000000714e00000, 0x0000000714e00000| Untracked 
| 154|0x0000000715000000, 0x0000000715000000, 0x0000000715200000|  0%| F|  |TAMS 0x0000000715000000, 0x0000000715000000| Untracked 
| 155|0x0000000715200000, 0x0000000715200000, 0x0000000715400000|  0%| F|  |TAMS 0x0000000715200000, 0x0000000715200000| Untracked 
| 156|0x0000000715400000, 0x0000000715400000, 0x0000000715600000|  0%| F|  |TAMS 0x0000000715400000, 0x0000000715400000| Untracked 
| 157|0x0000000715600000, 0x0000000715600000, 0x0000000715800000|  0%| F|  |TAMS 0x0000000715600000, 0x0000000715600000| Untracked 
| 158|0x0000000715800000, 0x0000000715800000, 0x0000000715a00000|  0%| F|  |TAMS 0x0000000715800000, 0x0000000715800000| Untracked 
| 159|0x0000000715a00000, 0x0000000715a00000, 0x0000000715c00000|  0%| F|  |TAMS 0x0000000715a00000, 0x0000000715a00000| Untracked 
| 160|0x0000000715c00000, 0x0000000715c00000, 0x0000000715e00000|  0%| F|  |TAMS 0x0000000715c00000, 0x0000000715c00000| Untracked 
| 161|0x0000000715e00000, 0x0000000715e00000, 0x0000000716000000|  0%| F|  |TAMS 0x0000000715e00000, 0x0000000715e00000| Untracked 
| 162|0x0000000716000000, 0x0000000716000000, 0x0000000716200000|  0%| F|  |TAMS 0x0000000716000000, 0x0000000716000000| Untracked 
| 163|0x0000000716200000, 0x0000000716200000, 0x0000000716400000|  0%| F|  |TAMS 0x0000000716200000, 0x0000000716200000| Untracked 
| 164|0x0000000716400000, 0x0000000716400000, 0x0000000716600000|  0%| F|  |TAMS 0x0000000716400000, 0x0000000716400000| Untracked 
| 165|0x0000000716600000, 0x0000000716600000, 0x0000000716800000|  0%| F|  |TAMS 0x0000000716600000, 0x0000000716600000| Untracked 
| 166|0x0000000716800000, 0x0000000716800000, 0x0000000716a00000|  0%| F|  |TAMS 0x0000000716800000, 0x0000000716800000| Untracked 
| 167|0x0000000716a00000, 0x0000000716a00000, 0x0000000716c00000|  0%| F|  |TAMS 0x0000000716a00000, 0x0000000716a00000| Untracked 
| 168|0x0000000716c00000, 0x0000000716c00000, 0x0000000716e00000|  0%| F|  |TAMS 0x0000000716c00000, 0x0000000716c00000| Untracked 
| 169|0x0000000716e00000, 0x0000000716e00000, 0x0000000717000000|  0%| F|  |TAMS 0x0000000716e00000, 0x0000000716e00000| Untracked 
| 170|0x0000000717000000, 0x0000000717000000, 0x0000000717200000|  0%| F|  |TAMS 0x0000000717000000, 0x0000000717000000| Untracked 
| 171|0x0000000717200000, 0x0000000717200000, 0x0000000717400000|  0%| F|  |TAMS 0x0000000717200000, 0x0000000717200000| Untracked 
| 172|0x0000000717400000, 0x0000000717400000, 0x0000000717600000|  0%| F|  |TAMS 0x0000000717400000, 0x0000000717400000| Untracked 
| 173|0x0000000717600000, 0x0000000717600000, 0x0000000717800000|  0%| F|  |TAMS 0x0000000717600000, 0x0000000717600000| Untracked 
| 174|0x0000000717800000, 0x0000000717800000, 0x0000000717a00000|  0%| F|  |TAMS 0x0000000717800000, 0x0000000717800000| Untracked 
| 175|0x0000000717a00000, 0x0000000717a00000, 0x0000000717c00000|  0%| F|  |TAMS 0x0000000717a00000, 0x0000000717a00000| Untracked 
| 176|0x0000000717c00000, 0x0000000717c00000, 0x0000000717e00000|  0%| F|  |TAMS 0x0000000717c00000, 0x0000000717c00000| Untracked 
| 177|0x0000000717e00000, 0x0000000717e00000, 0x0000000718000000|  0%| F|  |TAMS 0x0000000717e00000, 0x0000000717e00000| Untracked 
| 178|0x0000000718000000, 0x0000000718000000, 0x0000000718200000|  0%| F|  |TAMS 0x0000000718000000, 0x0000000718000000| Untracked 
| 179|0x0000000718200000, 0x0000000718200000, 0x0000000718400000|  0%| F|  |TAMS 0x0000000718200000, 0x0000000718200000| Untracked 
| 180|0x0000000718400000, 0x0000000718400000, 0x0000000718600000|  0%| F|  |TAMS 0x0000000718400000, 0x0000000718400000| Untracked 
| 181|0x0000000718600000, 0x0000000718600000, 0x0000000718800000|  0%| F|  |TAMS 0x0000000718600000, 0x0000000718600000| Untracked 
| 182|0x0000000718800000, 0x0000000718800000, 0x0000000718a00000|  0%| F|  |TAMS 0x0000000718800000, 0x0000000718800000| Untracked 
| 183|0x0000000718a00000, 0x0000000718a00000, 0x0000000718c00000|  0%| F|  |TAMS 0x0000000718a00000, 0x0000000718a00000| Untracked 
| 184|0x0000000718c00000, 0x0000000718c00000, 0x0000000718e00000|  0%| F|  |TAMS 0x0000000718c00000, 0x0000000718c00000| Untracked 

Card table byte_map: [0x000002809f940000,0x00000280a0140000] _byte_map_base: 0x000002809c132000

Marking Bits (Prev, Next): (CMBitMap*) 0x000002808c4494a0, (CMBitMap*) 0x000002808c4494e0
 Prev Bits: [0x00000280a0940000, 0x00000280a48d0000)
 Next Bits: [0x00000280a48d0000, 0x00000280a8860000)

Polling page: 0x000002808a370000

Metaspace:

Usage:
  Non-class:     12.41 MB capacity,    12.31 MB (>99%) used,    83.44 KB ( <1%) free+waste,    17.56 KB ( <1%) overhead. 
      Class:      1.30 MB capacity,     1.23 MB ( 95%) used,    64.99 KB (  5%) free+waste,     6.31 KB ( <1%) overhead. 
       Both:     13.71 MB capacity,    13.54 MB ( 99%) used,   148.43 KB (  1%) free+waste,    23.88 KB ( <1%) overhead. 

Virtual space:
  Non-class space:       14.00 MB reserved,      12.50 MB ( 89%) committed 
      Class space:        1.00 GB reserved,       1.38 MB ( <1%) committed 
             Both:        1.01 GB reserved,      13.88 MB (  1%) committed 

Chunk freelists:
   Non-Class:  32.00 KB
       Class:  14.00 KB
        Both:  46.00 KB

MaxMetaspaceSize: 17179869184.00 GB
CompressedClassSpaceSize: 1.00 GB

CodeHeap 'non-profiled nmethods': size=120000Kb used=1490Kb max_used=1490Kb free=118509Kb
 bounds [0x00000280978e0000, 0x0000028097b50000, 0x000002809ee10000]
CodeHeap 'profiled nmethods': size=120000Kb used=3210Kb max_used=3210Kb free=116790Kb
 bounds [0x00000280903b0000, 0x00000280906e0000, 0x00000280978e0000]
CodeHeap 'non-nmethods': size=5760Kb used=1199Kb max_used=1272Kb free=4560Kb
 bounds [0x000002808fe10000, 0x0000028090080000, 0x00000280903b0000]
 total_blobs=2537 nmethods=2075 adapters=374
 compilation: enabled
              stopped_count=0, restarted_count=0
 full_count=0

Compilation events (20 events):
Event: 5.377 Thread 0x00000280abbd8190 2069       3       io.jenetics.engine.EvolutionResult::bestPhenotype (11 bytes)
Event: 5.377 Thread 0x00000280abbd8190 nmethod 2069 0x00000280906cdd10 code [0x00000280906cdee0, 0x00000280906ce468]
Event: 5.392 Thread 0x00000280abbd75f0 2070 %     4       io.jenetics.internal.collection.Array::append @ 16 (73 bytes)
Event: 5.406 Thread 0x00000280abbd75f0 nmethod 2070% 0x0000028097a4c410 code [0x0000028097a4c5e0, 0x0000028097a4cdf8]
Event: 5.406 Thread 0x00000280abbd75f0 2071       4       java.util.concurrent.locks.AbstractQueuedSynchronizer::acquire (20 bytes)
Event: 5.410 Thread 0x00000280abbd75f0 nmethod 2071 0x0000028097a4d390 code [0x0000028097a4d520, 0x0000028097a4d828]
Event: 5.410 Thread 0x00000280abbd75f0 2072       4       java.util.concurrent.ThreadPoolExecutor$Worker::lock (6 bytes)
Event: 5.411 Thread 0x00000280abbd75f0 nmethod 2072 0x0000028097a4d910 code [0x0000028097a4da80, 0x0000028097a4dbf8]
Event: 5.460 Thread 0x00000280abbd75f0 2073       4       java.util.concurrent.ThreadPoolExecutor$Worker::unlock (7 bytes)
Event: 5.462 Thread 0x00000280abbd75f0 nmethod 2073 0x0000028097a4dc90 code [0x0000028097a4de20, 0x0000028097a4dfa8]
Event: 5.487 Thread 0x00000280abbd75f0 2074       4       java.util.concurrent.ThreadPoolExecutor::execute (132 bytes)
Event: 5.492 Thread 0x00000280abbd8190 2075       3       java.util.concurrent.locks.AbstractQueuedSynchronizer::acquireInterruptibly (36 bytes)
Event: 5.492 Thread 0x00000280abbd8190 nmethod 2075 0x00000280906ce610 code [0x00000280906ce800, 0x00000280906cecb8]
Event: 5.528 Thread 0x00000280abbd75f0 nmethod 2074 0x0000028097a4e110 code [0x0000028097a4e340, 0x0000028097a50070]
Event: 5.529 Thread 0x00000280abbd75f0 2076   !   4       java.util.concurrent.LinkedBlockingQueue::take (91 bytes)
Event: 5.595 Thread 0x00000280abbd75f0 nmethod 2076 0x0000028097a50d90 code [0x0000028097a51000, 0x0000028097a52fb0]
Event: 5.673 Thread 0x00000280abbd8190 2077       3       sun.nio.cs.SingleByte$Encoder::encodeArrayLoop (233 bytes)
Event: 5.675 Thread 0x00000280abbd8190 nmethod 2077 0x00000280906cee90 code [0x00000280906cf380, 0x00000280906d1a98]
Event: 5.727 Thread 0x00000280abbd75f0 2078       4       io.jenetics.internal.util.RunnablesRunnable::run (38 bytes)
Event: 5.734 Thread 0x00000280abbd75f0 nmethod 2078 0x0000028097a53f10 code [0x0000028097a540e0, 0x0000028097a54508]

GC Heap History (20 events):
Event: 5.259 GC heap after
{Heap after GC invocations=68 (full 0):
 garbage-first heap   total 378880K, used 4758K [0x0000000701c00000, 0x0000000800000000)
  region size 2048K, 1 young (2048K), 1 survivors (2048K)
 Metaspace       used 13855K, capacity 14034K, committed 14208K, reserved 1062912K
  class space    used 1258K, capacity 1330K, committed 1408K, reserved 1048576K
}
Event: 5.313 GC heap before
{Heap before GC invocations=68 (full 0):
 garbage-first heap   total 378880K, used 230038K [0x0000000701c00000, 0x0000000800000000)
  region size 2048K, 111 young (227328K), 1 survivors (2048K)
 Metaspace       used 13855K, capacity 14034K, committed 14208K, reserved 1062912K
  class space    used 1258K, capacity 1330K, committed 1408K, reserved 1048576K
}
Event: 5.314 GC heap after
{Heap after GC invocations=69 (full 0):
 garbage-first heap   total 378880K, used 4741K [0x0000000701c00000, 0x0000000800000000)
  region size 2048K, 1 young (2048K), 1 survivors (2048K)
 Metaspace       used 13855K, capacity 14034K, committed 14208K, reserved 1062912K
  class space    used 1258K, capacity 1330K, committed 1408K, reserved 1048576K
}
Event: 5.367 GC heap before
{Heap before GC invocations=69 (full 0):
 garbage-first heap   total 378880K, used 230021K [0x0000000701c00000, 0x0000000800000000)
  region size 2048K, 111 young (227328K), 1 survivors (2048K)
 Metaspace       used 13855K, capacity 14034K, committed 14208K, reserved 1062912K
  class space    used 1258K, capacity 1330K, committed 1408K, reserved 1048576K
}
Event: 5.367 GC heap after
{Heap after GC invocations=70 (full 0):
 garbage-first heap   total 378880K, used 4770K [0x0000000701c00000, 0x0000000800000000)
  region size 2048K, 1 young (2048K), 1 survivors (2048K)
 Metaspace       used 13855K, capacity 14034K, committed 14208K, reserved 1062912K
  class space    used 1258K, capacity 1330K, committed 1408K, reserved 1048576K
}
Event: 5.427 GC heap before
{Heap before GC invocations=70 (full 0):
 garbage-first heap   total 378880K, used 230050K [0x0000000701c00000, 0x0000000800000000)
  region size 2048K, 111 young (227328K), 1 survivors (2048K)
 Metaspace       used 13856K, capacity 14034K, committed 14208K, reserved 1062912K
  class space    used 1258K, capacity 1330K, committed 1408K, reserved 1048576K
}
Event: 5.428 GC heap after
{Heap after GC invocations=71 (full 0):
 garbage-first heap   total 378880K, used 4739K [0x0000000701c00000, 0x0000000800000000)
  region size 2048K, 1 young (2048K), 1 survivors (2048K)
 Metaspace       used 13856K, capacity 14034K, committed 14208K, reserved 1062912K
  class space    used 1258K, capacity 1330K, committed 1408K, reserved 1048576K
}
Event: 5.481 GC heap before
{Heap before GC invocations=71 (full 0):
 garbage-first heap   total 378880K, used 230019K [0x0000000701c00000, 0x0000000800000000)
  region size 2048K, 111 young (227328K), 1 survivors (2048K)
 Metaspace       used 13856K, capacity 14034K, committed 14208K, reserved 1062912K
  class space    used 1258K, capacity 1330K, committed 1408K, reserved 1048576K
}
Event: 5.482 GC heap after
{Heap after GC invocations=72 (full 0):
 garbage-first heap   total 378880K, used 4727K [0x0000000701c00000, 0x0000000800000000)
  region size 2048K, 1 young (2048K), 1 survivors (2048K)
 Metaspace       used 13856K, capacity 14034K, committed 14208K, reserved 1062912K
  class space    used 1258K, capacity 1330K, committed 1408K, reserved 1048576K
}
Event: 5.545 GC heap before
{Heap before GC invocations=72 (full 0):
 garbage-first heap   total 378880K, used 230007K [0x0000000701c00000, 0x0000000800000000)
  region size 2048K, 111 young (227328K), 1 survivors (2048K)
 Metaspace       used 13856K, capacity 14034K, committed 14208K, reserved 1062912K
  class space    used 1258K, capacity 1330K, committed 1408K, reserved 1048576K
}
Event: 5.546 GC heap after
{Heap after GC invocations=73 (full 0):
 garbage-first heap   total 378880K, used 4768K [0x0000000701c00000, 0x0000000800000000)
  region size 2048K, 1 young (2048K), 1 survivors (2048K)
 Metaspace       used 13856K, capacity 14034K, committed 14208K, reserved 1062912K
  class space    used 1258K, capacity 1330K, committed 1408K, reserved 1048576K
}
Event: 5.610 GC heap before
{Heap before GC invocations=73 (full 0):
 garbage-first heap   total 378880K, used 230048K [0x0000000701c00000, 0x0000000800000000)
  region size 2048K, 111 young (227328K), 1 survivors (2048K)
 Metaspace       used 13856K, capacity 14034K, committed 14208K, reserved 1062912K
  class space    used 1258K, capacity 1330K, committed 1408K, reserved 1048576K
}
Event: 5.611 GC heap after
{Heap after GC invocations=74 (full 0):
 garbage-first heap   total 378880K, used 4750K [0x0000000701c00000, 0x0000000800000000)
  region size 2048K, 1 young (2048K), 1 survivors (2048K)
 Metaspace       used 13856K, capacity 14034K, committed 14208K, reserved 1062912K
  class space    used 1258K, capacity 1330K, committed 1408K, reserved 1048576K
}
Event: 5.665 GC heap before
{Heap before GC invocations=74 (full 0):
 garbage-first heap   total 378880K, used 230030K [0x0000000701c00000, 0x0000000800000000)
  region size 2048K, 111 young (227328K), 1 survivors (2048K)
 Metaspace       used 13856K, capacity 14034K, committed 14208K, reserved 1062912K
  class space    used 1258K, capacity 1330K, committed 1408K, reserved 1048576K
}
Event: 5.666 GC heap after
{Heap after GC invocations=75 (full 0):
 garbage-first heap   total 378880K, used 4790K [0x0000000701c00000, 0x0000000800000000)
  region size 2048K, 1 young (2048K), 1 survivors (2048K)
 Metaspace       used 13856K, capacity 14034K, committed 14208K, reserved 1062912K
  class space    used 1258K, capacity 1330K, committed 1408K, reserved 1048576K
}
Event: 5.724 GC heap before
{Heap before GC invocations=75 (full 0):
 garbage-first heap   total 378880K, used 230070K [0x0000000701c00000, 0x0000000800000000)
  region size 2048K, 111 young (227328K), 1 survivors (2048K)
 Metaspace       used 13861K, capacity 14034K, committed 14208K, reserved 1062912K
  class space    used 1258K, capacity 1330K, committed 1408K, reserved 1048576K
}
Event: 5.725 GC heap after
{Heap after GC invocations=76 (full 0):
 garbage-first heap   total 378880K, used 4774K [0x0000000701c00000, 0x0000000800000000)
  region size 2048K, 1 young (2048K), 1 survivors (2048K)
 Metaspace       used 13861K, capacity 14034K, committed 14208K, reserved 1062912K
  class space    used 1258K, capacity 1330K, committed 1408K, reserved 1048576K
}
Event: 5.781 GC heap before
{Heap before GC invocations=76 (full 0):
 garbage-first heap   total 378880K, used 230054K [0x0000000701c00000, 0x0000000800000000)
  region size 2048K, 111 young (227328K), 1 survivors (2048K)
 Metaspace       used 13861K, capacity 14034K, committed 14208K, reserved 1062912K
  class space    used 1258K, capacity 1330K, committed 1408K, reserved 1048576K
}
Event: 5.782 GC heap after
{Heap after GC invocations=77 (full 0):
 garbage-first heap   total 378880K, used 4767K [0x0000000701c00000, 0x0000000800000000)
  region size 2048K, 1 young (2048K), 1 survivors (2048K)
 Metaspace       used 13861K, capacity 14034K, committed 14208K, reserved 1062912K
  class space    used 1258K, capacity 1330K, committed 1408K, reserved 1048576K
}
Event: 5.836 GC heap before
{Heap before GC invocations=77 (full 0):
 garbage-first heap   total 378880K, used 230047K [0x0000000701c00000, 0x0000000800000000)
  region size 2048K, 111 young (227328K), 1 survivors (2048K)
 Metaspace       used 13861K, capacity 14034K, committed 14208K, reserved 1062912K
  class space    used 1258K, capacity 1330K, committed 1408K, reserved 1048576K
}

Deoptimization events (20 events):
Event: 2.777 Thread 0x00000280ac5a2160 DEOPT PACKING pc=0x0000028090698353 sp=0x000000f9491fe750
Event: 2.777 Thread 0x00000280ac5a2160 DEOPT UNPACKING pc=0x000002808fe5e23f sp=0x000000f9491fdcd0 mode 0
Event: 2.780 Thread 0x00000280ac5a1c90 DEOPT PACKING pc=0x0000028090698353 sp=0x000000f9490fe5f0
Event: 2.780 Thread 0x00000280ac5a1c90 DEOPT UNPACKING pc=0x000002808fe5e23f sp=0x000000f9490fdb70 mode 0
Event: 2.783 Thread 0x00000280ac7d66c0 DEOPT PACKING pc=0x0000028090698353 sp=0x000000f9499fe490
Event: 2.783 Thread 0x00000280ac7d66c0 DEOPT UNPACKING pc=0x000002808fe5e23f sp=0x000000f9499fda10 mode 0
Event: 2.786 Thread 0x00000280ac5a1c90 DEOPT PACKING pc=0x0000028090698353 sp=0x000000f9490fe5f0
Event: 2.786 Thread 0x00000280ac5a1c90 DEOPT UNPACKING pc=0x000002808fe5e23f sp=0x000000f9490fdb70 mode 0
Event: 2.789 Thread 0x00000280ac45e530 DEOPT PACKING pc=0x0000028090698353 sp=0x000000f9495fe980
Event: 2.789 Thread 0x00000280ac45e530 DEOPT UNPACKING pc=0x000002808fe5e23f sp=0x000000f9495fdf00 mode 0
Event: 2.795 Thread 0x00000280ac5a1c90 DEOPT PACKING pc=0x0000028090698353 sp=0x000000f9490fe5f0
Event: 2.795 Thread 0x00000280ac5a1c90 DEOPT UNPACKING pc=0x000002808fe5e23f sp=0x000000f9490fdb70 mode 0
Event: 2.798 Thread 0x00000280ac7408d0 DEOPT PACKING pc=0x0000028090698353 sp=0x000000f9498fe930
Event: 2.798 Thread 0x00000280ac7408d0 DEOPT UNPACKING pc=0x000002808fe5e23f sp=0x000000f9498fdeb0 mode 0
Event: 2.801 Thread 0x00000280ac45ea00 DEOPT PACKING pc=0x0000028090698353 sp=0x000000f9496fe9b0
Event: 2.801 Thread 0x00000280ac45ea00 DEOPT UNPACKING pc=0x000002808fe5e23f sp=0x000000f9496fdf30 mode 0
Event: 2.804 Thread 0x00000280ac45e530 DEOPT PACKING pc=0x0000028090698353 sp=0x000000f9495fe980
Event: 2.804 Thread 0x00000280ac45e530 DEOPT UNPACKING pc=0x000002808fe5e23f sp=0x000000f9495fdf00 mode 0
Event: 2.807 Thread 0x00000280ac7408d0 DEOPT PACKING pc=0x0000028090698353 sp=0x000000f9498fe930
Event: 2.807 Thread 0x00000280ac7408d0 DEOPT UNPACKING pc=0x000002808fe5e23f sp=0x000000f9498fdeb0 mode 0

Classes unloaded (0 events):
No events

Classes redefined (0 events):
No events

Internal exceptions (20 events):
Event: 0.519 Thread 0x000002808c3f7060 Exception <a 'java/lang/NoSuchMethodError'{0x0000000711351238}: 'java.lang.Object java.lang.invoke.DirectMethodHandle$Holder.invokeStatic(java.lang.Object, long, java.lang.Object)'> (0x0000000711351238) 
thrown [./open/src/hotspot/share/interpreter/linkResolver.cpp, line 782]
Event: 0.520 Thread 0x000002808c3f7060 Exception <a 'java/lang/NoSuchMethodError'{0x0000000711357da8}: 'java.lang.Object java.lang.invoke.DirectMethodHandle$Holder.newInvokeSpecial(java.lang.Object, long)'> (0x0000000711357da8) 
thrown [./open/src/hotspot/share/interpreter/linkResolver.cpp, line 782]
Event: 0.539 Thread 0x000002808c3f7060 Exception <a 'java/lang/NoSuchMethodError'{0x00000007110cbbf8}: 'long java.lang.invoke.DirectMethodHandle$Holder.invokeStatic(java.lang.Object)'> (0x00000007110cbbf8) 
thrown [./open/src/hotspot/share/interpreter/linkResolver.cpp, line 782]
Event: 0.555 Thread 0x00000280ac740400 Exception <a 'java/lang/ClassNotFoundException'{0x0000000710c05578}: sun/awt/resources/spi/awtProvider> (0x0000000710c05578) 
thrown [./open/src/hotspot/share/classfile/systemDictionary.cpp, line 295]
Event: 0.562 Thread 0x00000280ac740400 Exception <a 'java/io/FileNotFoundException'{0x0000000710c28c98}> (0x0000000710c28c98) 
thrown [./open/src/hotspot/share/prims/jni.cpp, line 578]
Event: 0.562 Thread 0x00000280ac740400 Exception <a 'java/io/FileNotFoundException'{0x0000000710c29fe0}> (0x0000000710c29fe0) 
thrown [./open/src/hotspot/share/prims/jni.cpp, line 578]
Event: 0.745 Thread 0x00000280ac45e060 Exception <a 'java/lang/NoSuchMethodError'{0x000000070e4b76f0}: 'java.lang.Object java.lang.invoke.DirectMethodHandle$Holder.newInvokeSpecial(java.lang.Object, java.lang.Object, java.lang.Object, java.lang.Object, java.lang.Object)'> (0x000000070e4b76f0) 
thrown [./open/src/hotspot/share/interpreter/linkResolver.cpp, line 782]
Event: 0.746 Thread 0x00000280ac5a2160 Exception <a 'java/lang/NoSuchMethodError'{0x000000070da30530}: 'java.lang.Object java.lang.invoke.DirectMethodHandle$Holder.newInvokeSpecial(java.lang.Object, java.lang.Object, java.lang.Object, java.lang.Object, java.lang.Object)'> (0x000000070da30530) 
thrown [./open/src/hotspot/share/interpreter/linkResolver.cpp, line 782]
Event: 0.747 Thread 0x00000280ac45e060 Exception <a 'java/lang/NoSuchMethodError'{0x000000070e4bfed8}: 'java.lang.Object java.lang.invoke.DirectMethodHandle$Holder.newInvokeSpecial(java.lang.Object, java.lang.Object, java.lang.Object, int)'> (0x000000070e4bfed8) 
thrown [./open/src/hotspot/share/interpreter/linkResolver.cpp, line 782]
Event: 0.747 Thread 0x00000280ac5a2160 Exception <a 'java/lang/NoSuchMethodError'{0x000000070da38400}: 'java.lang.Object java.lang.invoke.DirectMethodHandle$Holder.newInvokeSpecial(java.lang.Object, java.lang.Object, java.lang.Object, int)'> (0x000000070da38400) 
thrown [./open/src/hotspot/share/interpreter/linkResolver.cpp, line 782]
Event: 0.747 Thread 0x00000280ac45e060 Exception <a 'java/lang/NoSuchMethodError'{0x000000070e4c4260}: 'java.lang.Object java.lang.invoke.DirectMethodHandle$Holder.invokeSpecial(java.lang.Object, java.lang.Object, java.lang.Object, java.lang.Object, int)'> (0x000000070e4c4260) 
thrown [./open/src/hotspot/share/interpreter/linkResolver.cpp, line 782]
Event: 0.747 Thread 0x00000280ac5a2160 Exception <a 'java/lang/NoSuchMethodError'{0x000000070da3c6d0}: 'java.lang.Object java.lang.invoke.DirectMethodHandle$Holder.invokeSpecial(java.lang.Object, java.lang.Object, java.lang.Object, java.lang.Object, int)'> (0x000000070da3c6d0) 
thrown [./open/src/hotspot/share/interpreter/linkResolver.cpp, line 782]
Event: 0.748 Thread 0x00000280ac45e060 Exception <a 'java/lang/NoSuchMethodError'{0x000000070e4c8020}: 'java.lang.Object java.lang.invoke.Invokers$Holder.linkToTargetMethod(java.lang.Object, java.lang.Object, int, java.lang.Object)'> (0x000000070e4c8020) 
thrown [./open/src/hotspot/share/interpreter/linkResolver.cpp, line 782]
Event: 0.748 Thread 0x00000280ac5a2160 Exception <a 'java/lang/NoSuchMethodError'{0x000000070da3ff58}: 'java.lang.Object java.lang.invoke.Invokers$Holder.linkToTargetMethod(java.lang.Object, java.lang.Object, int, java.lang.Object)'> (0x000000070da3ff58) 
thrown [./open/src/hotspot/share/interpreter/linkResolver.cpp, line 782]
Event: 0.751 Thread 0x00000280ac5a2160 Exception <a 'java/lang/NoSuchMethodError'{0x000000070da4f758}: 'int java.lang.invoke.DirectMethodHandle$Holder.invokeInterface(java.lang.Object, java.lang.Object)'> (0x000000070da4f758) 
thrown [./open/src/hotspot/share/interpreter/linkResolver.cpp, line 782]
Event: 0.755 Thread 0x00000280ac45e060 Exception <a 'java/lang/NoSuchMethodError'{0x000000070b6054a0}: 'java.lang.Object java.lang.invoke.DirectMethodHandle$Holder.invokeSpecial(java.lang.Object, java.lang.Object, java.lang.Object, int, java.lang.Object)'> (0x000000070b6054a0) 
thrown [./open/src/hotspot/share/interpreter/linkResolver.cpp, line 782]
Event: 0.770 Thread 0x00000280ac45e060 Exception <a 'java/lang/NoSuchMethodError'{0x000000070b67e370}: 'java.lang.Object java.lang.invoke.DirectMethodHandle$Holder.newInvokeSpecial(java.lang.Object, java.lang.Object, int)'> (0x000000070b67e370) 
thrown [./open/src/hotspot/share/interpreter/linkResolver.cpp, line 782]
Event: 0.771 Thread 0x00000280ac45e060 Exception <a 'java/lang/NoSuchMethodError'{0x000000070b68a058}: 'java.lang.Object java.lang.invoke.DirectMethodHandle$Holder.newInvokeSpecial(java.lang.Object, java.lang.Object, int, java.lang.Object)'> (0x000000070b68a058) 
thrown [./open/src/hotspot/share/interpreter/linkResolver.cpp, line 782]
Event: 0.773 Thread 0x00000280ac45e060 Exception <a 'java/lang/NoSuchMethodError'{0x000000070b6988b8}: 'java.lang.Object java.lang.invoke.DirectMethodHandle$Holder.newInvokeSpecial(java.lang.Object, java.lang.Object, java.lang.Object, long)'> (0x000000070b6988b8) 
thrown [./open/src/hotspot/share/interpreter/linkResolver.cpp, line 782]
Event: 0.774 Thread 0x00000280ac45e060 Exception <a 'java/lang/NoSuchMethodError'{0x000000070b69ca20}: 'java.lang.Object java.lang.invoke.DirectMethodHandle$Holder.invokeSpecial(java.lang.Object, java.lang.Object, java.lang.Object, java.lang.Object, long)'> (0x000000070b69ca20) 
thrown [./open/src/hotspot/share/interpreter/linkResolver.cpp, line 782]

Events (20 events):
Event: 5.259 Executing VM operation: G1CollectForAllocation done
Event: 5.313 Executing VM operation: G1CollectForAllocation
Event: 5.314 Executing VM operation: G1CollectForAllocation done
Event: 5.366 Executing VM operation: G1CollectForAllocation
Event: 5.367 Executing VM operation: G1CollectForAllocation done
Event: 5.427 Executing VM operation: G1CollectForAllocation
Event: 5.428 Executing VM operation: G1CollectForAllocation done
Event: 5.481 Executing VM operation: G1CollectForAllocation
Event: 5.482 Executing VM operation: G1CollectForAllocation done
Event: 5.545 Executing VM operation: G1CollectForAllocation
Event: 5.546 Executing VM operation: G1CollectForAllocation done
Event: 5.610 Executing VM operation: G1CollectForAllocation
Event: 5.611 Executing VM operation: G1CollectForAllocation done
Event: 5.665 Executing VM operation: G1CollectForAllocation
Event: 5.666 Executing VM operation: G1CollectForAllocation done
Event: 5.724 Executing VM operation: G1CollectForAllocation
Event: 5.725 Executing VM operation: G1CollectForAllocation done
Event: 5.781 Executing VM operation: G1CollectForAllocation
Event: 5.782 Executing VM operation: G1CollectForAllocation done
Event: 5.836 Executing VM operation: G1CollectForAllocation


Dynamic libraries:
0x00007ff70db00000 - 0x00007ff70db0d000 	C:\Users\Utente\Desktop\eclipse-info3-2021-06\eclipse\plugins\org.eclipse.justj.openjdk.hotspot.jre.full.win32.x86_64_15.0.2.v20210201-0955\jre\bin\javaw.exe
0x00007ff868110000 - 0x00007ff868305000 	C:\WINDOWS\SYSTEM32\ntdll.dll
0x00007ff866fd0000 - 0x00007ff86708e000 	C:\WINDOWS\System32\KERNEL32.DLL
0x00007ff865b40000 - 0x00007ff865e08000 	C:\WINDOWS\System32\KERNELBASE.dll
0x00007ff8659b0000 - 0x00007ff865ab0000 	C:\WINDOWS\System32\ucrtbase.dll
0x00007ff852790000 - 0x00007ff8527a8000 	C:\Users\Utente\Desktop\eclipse-info3-2021-06\eclipse\plugins\org.eclipse.justj.openjdk.hotspot.jre.full.win32.x86_64_15.0.2.v20210201-0955\jre\bin\jli.dll
0x00007ff8527b0000 - 0x00007ff8527c9000 	C:\Users\Utente\Desktop\eclipse-info3-2021-06\eclipse\plugins\org.eclipse.justj.openjdk.hotspot.jre.full.win32.x86_64_15.0.2.v20210201-0955\jre\bin\VCRUNTIME140.dll
0x00007ff866e20000 - 0x00007ff866fc0000 	C:\WINDOWS\System32\USER32.dll
0x00007ff8658e0000 - 0x00007ff865902000 	C:\WINDOWS\System32\win32u.dll
0x00007ff854330000 - 0x00007ff8545ca000 	C:\WINDOWS\WinSxS\amd64_microsoft.windows.common-controls_6595b64144ccf1df_6.0.19041.1110_none_60b5254171f9507e\COMCTL32.dll
0x00007ff867af0000 - 0x00007ff867b8e000 	C:\WINDOWS\System32\msvcrt.dll
0x00007ff867400000 - 0x00007ff86742a000 	C:\WINDOWS\System32\GDI32.dll
0x00007ff866060000 - 0x00007ff86616b000 	C:\WINDOWS\System32\gdi32full.dll
0x00007ff865910000 - 0x00007ff8659ad000 	C:\WINDOWS\System32\msvcp_win.dll
0x00007ff866180000 - 0x00007ff8661b0000 	C:\WINDOWS\System32\IMM32.DLL
0x00007ff85fea0000 - 0x00007ff85feac000 	C:\Users\Utente\Desktop\eclipse-info3-2021-06\eclipse\plugins\org.eclipse.justj.openjdk.hotspot.jre.full.win32.x86_64_15.0.2.v20210201-0955\jre\bin\vcruntime140_1.dll
0x00007ff825a10000 - 0x00007ff825aa1000 	C:\Users\Utente\Desktop\eclipse-info3-2021-06\eclipse\plugins\org.eclipse.justj.openjdk.hotspot.jre.full.win32.x86_64_15.0.2.v20210201-0955\jre\bin\msvcp140.dll
0x00007ff81f080000 - 0x00007ff81fbde000 	C:\Users\Utente\Desktop\eclipse-info3-2021-06\eclipse\plugins\org.eclipse.justj.openjdk.hotspot.jre.full.win32.x86_64_15.0.2.v20210201-0955\jre\bin\server\jvm.dll
0x00007ff8661b0000 - 0x00007ff86625e000 	C:\WINDOWS\System32\ADVAPI32.dll
0x00007ff866390000 - 0x00007ff86642c000 	C:\WINDOWS\System32\sechost.dll
0x00007ff866260000 - 0x00007ff866385000 	C:\WINDOWS\System32\RPCRT4.dll
0x00007ff867660000 - 0x00007ff867668000 	C:\WINDOWS\System32\PSAPI.DLL
0x00007ff858cf0000 - 0x00007ff858d17000 	C:\WINDOWS\SYSTEM32\WINMM.dll
0x00007ff8566e0000 - 0x00007ff8566e9000 	C:\WINDOWS\SYSTEM32\WSOCK32.dll
0x00007ff861220000 - 0x00007ff86122a000 	C:\WINDOWS\SYSTEM32\VERSION.dll
0x00007ff867510000 - 0x00007ff86757b000 	C:\WINDOWS\System32\WS2_32.dll
0x00007ff863670000 - 0x00007ff863682000 	C:\WINDOWS\SYSTEM32\kernel.appcore.dll
0x00007ff8614a0000 - 0x00007ff8614aa000 	C:\Users\Utente\Desktop\eclipse-info3-2021-06\eclipse\plugins\org.eclipse.justj.openjdk.hotspot.jre.full.win32.x86_64_15.0.2.v20210201-0955\jre\bin\jimage.dll
0x00007ff85da20000 - 0x00007ff85dc04000 	C:\WINDOWS\SYSTEM32\DBGHELP.DLL
0x00007ff85d840000 - 0x00007ff85d86c000 	C:\WINDOWS\SYSTEM32\dbgcore.DLL
0x00007ff865ab0000 - 0x00007ff865b32000 	C:\WINDOWS\System32\bcryptPrimitives.dll
0x00007ff84e2c0000 - 0x00007ff84e2e5000 	C:\Users\Utente\Desktop\eclipse-info3-2021-06\eclipse\plugins\org.eclipse.justj.openjdk.hotspot.jre.full.win32.x86_64_15.0.2.v20210201-0955\jre\bin\java.dll
0x00007ff84e230000 - 0x00007ff84e248000 	C:\Users\Utente\Desktop\eclipse-info3-2021-06\eclipse\plugins\org.eclipse.justj.openjdk.hotspot.jre.full.win32.x86_64_15.0.2.v20210201-0955\jre\bin\zip.dll
0x00007ff866430000 - 0x00007ff866b74000 	C:\WINDOWS\System32\SHELL32.dll
0x00007ff863950000 - 0x00007ff8640e4000 	C:\WINDOWS\SYSTEM32\windows.storage.dll
0x00007ff867790000 - 0x00007ff867ae4000 	C:\WINDOWS\System32\combase.dll
0x00007ff8652a0000 - 0x00007ff8652cc000 	C:\WINDOWS\SYSTEM32\Wldp.dll
0x00007ff867240000 - 0x00007ff8672ed000 	C:\WINDOWS\System32\SHCORE.dll
0x00007ff8672f0000 - 0x00007ff867345000 	C:\WINDOWS\System32\shlwapi.dll
0x00007ff865770000 - 0x00007ff86578f000 	C:\WINDOWS\SYSTEM32\profapi.dll
0x00007ff84de70000 - 0x00007ff84de89000 	C:\Users\Utente\Desktop\eclipse-info3-2021-06\eclipse\plugins\org.eclipse.justj.openjdk.hotspot.jre.full.win32.x86_64_15.0.2.v20210201-0955\jre\bin\net.dll
0x00007ff85b560000 - 0x00007ff85b66a000 	C:\WINDOWS\SYSTEM32\WINHTTP.dll
0x00007ff865000000 - 0x00007ff86506a000 	C:\WINDOWS\system32\mswsock.dll
0x00007ff84db20000 - 0x00007ff84db32000 	C:\Users\Utente\Desktop\eclipse-info3-2021-06\eclipse\plugins\org.eclipse.justj.openjdk.hotspot.jre.full.win32.x86_64_15.0.2.v20210201-0955\jre\bin\nio.dll
0x00007ff8230b0000 - 0x00007ff82322f000 	C:\Users\Utente\Desktop\eclipse-info3-2021-06\eclipse\plugins\org.eclipse.justj.openjdk.hotspot.jre.full.win32.x86_64_15.0.2.v20210201-0955\jre\bin\awt.dll
0x00007ff867b90000 - 0x00007ff867c5d000 	C:\WINDOWS\System32\OLEAUT32.dll
0x00007ff8631a0000 - 0x00007ff863230000 	C:\WINDOWS\SYSTEM32\apphelp.dll

dbghelp: loaded successfully - version: 4.0.5 - missing functions: none
symbol engine: initialized successfully - sym options: 0x614 - pdb path: .;C:\Users\Utente\Desktop\eclipse-info3-2021-06\eclipse\plugins\org.eclipse.justj.openjdk.hotspot.jre.full.win32.x86_64_15.0.2.v20210201-0955\jre\bin;C:\WINDOWS\SYSTEM32;C:\WINDOWS\WinSxS\amd64_microsoft.windows.common-controls_6595b64144ccf1df_6.0.19041.1110_none_60b5254171f9507e;C:\Users\Utente\Desktop\eclipse-info3-2021-06\eclipse\plugins\org.eclipse.justj.openjdk.hotspot.jre.full.win32.x86_64_15.0.2.v20210201-0955\jre\bin\server

VM Arguments:
jvm_args: -Dfile.encoding=Cp1252 -XX:+ShowCodeDetailsInExceptionMessages 
java_command: com.qunhe.util.nest.jenetics.Main_Jenetics
java_class_path (initial): C:\Users\Utente\Desktop\WSTesi\Nest4J\target\classes;C:\Users\Utente\Desktop\WSTesi\Nest4J\lib\clipper.jar;C:\Users\Utente\Desktop\WSTesi\Nest4J\lib\clipperGUI.jar;C:\Users\Utente\.m2\repository\junit\junit\4.11\junit-4.11.jar;C:\Users\Utente\.m2\repository\org\hamcrest\hamcrest-core\1.3\hamcrest-core-1.3.jar;C:\Users\Utente\.m2\repository\com\google\code\gson\gson\2.8.2\gson-2.8.2.jar;C:\Users\Utente\.m2\repository\xml-apis\xml-apis\1.0.b2\xml-apis-1.0.b2.jar;C:\Users\Utente\.m2\repository\org\jfree\org.jfree.svg\5.0.2\org.jfree.svg-5.0.2.jar;C:\Users\Utente\.m2\repository\org\uncommons\watchmaker\watchmaker-framework\0.7.1\watchmaker-framework-0.7.1.jar;C:\Users\Utente\.m2\repository\org\uncommons\maths\uncommons-maths\1.2.1\uncommons-maths-1.2.1.jar;C:\Users\Utente\.m2\repository\com\google\collections\google-collections\1.0\google-collections-1.0.jar;C:\Users\Utente\.m2\repository\org\apache\xmlgraphics\batik-svg-dom\1.14\batik-svg-dom-1.14.jar;C:\Users\Utente\.m2\repository\org\apache\xmlgraphics\batik-awt-util\1.14\batik-awt-util-1.14.jar;C:\Users\Utente\.m2\repository\org\apache\xmlgraphics\xmlgraphics-commons\2.6\xmlgraphics-commons-2.6.jar;C:\Users\Utente\.m2\repository\commons-io\commons-io\1.3.1\commons-io-1.3.1.jar;C:\Users\Utente\.m2\repository\commons-logging\commons-logging\1.0.4\commons-logging-1.0.4.jar;C:\Users\Utente\.m2\repository\org\apache\xmlgraphics\batik-css\1.14\batik-css-1.14.jar;C:\Users\Utente\.m2\repository\org\apache\xmlgraphics\batik-dom\1.14\batik-dom-1.14.jar;C:\Users\Utente\.m2\repository\org\apache\xmlgraphics\batik-xml\1.14\batik-xml-1.14.jar;C:\Users\Utente\.m2\repository\xalan\xalan\2.7.2\xalan-2.7.2.jar;C:\Users\Utente\.m2\repository\xalan\serializer\2.7.2\serializer-2.7.2.jar;C:\Users\Utente\.m2\repository\org\apache\xmlgraphics\batik-ext\1.14\batik-ext-1.14.jar;C:\Users\Utente\.m2\repository\org\apache\xmlgraphics\batik-parser\1.14\batik-parser-1.14.jar;C:\Users\Utente\.m2\repository\org\apache\x
Launcher Type: SUN_STANDARD

[Global flags]
     intx CICompilerCount                          = 4                                         {product} {ergonomic}
     uint ConcGCThreads                            = 2                                         {product} {ergonomic}
     uint G1ConcRefinementThreads                  = 8                                         {product} {ergonomic}
   size_t G1HeapRegionSize                         = 2097152                                   {product} {ergonomic}
    uintx GCDrainStackTargetSize                   = 64                                        {product} {ergonomic}
   size_t InitialHeapSize                          = 268435456                                 {product} {ergonomic}
   size_t MarkStackSize                            = 4194304                                   {product} {ergonomic}
   size_t MaxHeapSize                              = 4265607168                                {product} {ergonomic}
   size_t MaxNewSize                               = 2558525440                                {product} {ergonomic}
   size_t MinHeapDeltaBytes                        = 2097152                                   {product} {ergonomic}
   size_t MinHeapSize                              = 8388608                                   {product} {ergonomic}
    uintx NonNMethodCodeHeapSize                   = 5839372                                {pd product} {ergonomic}
    uintx NonProfiledCodeHeapSize                  = 122909434                              {pd product} {ergonomic}
    uintx ProfiledCodeHeapSize                     = 122909434                              {pd product} {ergonomic}
    uintx ReservedCodeCacheSize                    = 251658240                              {pd product} {ergonomic}
     bool SegmentedCodeCache                       = true                                      {product} {ergonomic}
     bool ShowCodeDetailsInExceptionMessages       = true                                   {manageable} {command line}
   size_t SoftMaxHeapSize                          = 4265607168                             {manageable} {ergonomic}
     bool UseCompressedClassPointers               = true                                 {lp64_product} {ergonomic}
     bool UseCompressedOops                        = true                                 {lp64_product} {ergonomic}
     bool UseG1GC                                  = true                                      {product} {ergonomic}
     bool UseLargePagesIndividualAllocation        = false                                  {pd product} {ergonomic}

Logging:
Log output configuration:
 #0: stdout all=warning uptime,level,tags
 #1: stderr all=off uptime,level,tags

Environment Variables:
JAVA_HOME=C:\Program Files\Android\jdk\microsoft_dist_openjdk_1.8.0.25
PATH=C:/Users/Utente/Desktop/eclipse-info3-2021-06/eclipse//plugins/org.eclipse.justj.openjdk.hotspot.jre.full.win32.x86_64_15.0.2.v20210201-0955/jre/bin/server;C:/Users/Utente/Desktop/eclipse-info3-2021-06/eclipse//plugins/org.eclipse.justj.openjdk.hotspot.jre.full.win32.x86_64_15.0.2.v20210201-0955/jre/bin;C:\Users\Utente\Desktop\eclipse-info3-2021-06\MinGW\bin;C:\Program Files\Common Files\Oracle\Java\javapath;C:\Program Files (x86)\Common Files\Oracle\Java\javapath;C:\Program Files (x86)\Intel\iCLS Client\;C:\Program Files\Intel\iCLS Client\;C:\Windows\system32;C:\Windows;C:\Windows\System32\Wbem;C:\Windows\System32\WindowsPowerShell\v1.0\;C:\Program Files\Intel\WiFi\bin\;C:\Program Files\Common Files\Intel\WirelessCommon\;C:\Program Files (x86)\Intel\Intel(R) Management Engine Components\DAL;C:\Program Files\Intel\Intel(R) Management Engine Components\DAL;C:\Program Files (x86)\Intel\Intel(R) Management Engine Components\IPT;C:\Program Files\Intel\Intel(R) Management Engine Components\IPT;C:\WINDOWS\system32;C:\WINDOWS;C:\WINDOWS\System32\Wbem;C:\WINDOWS\System32\WindowsPowerShell\v1.0\;C:\WINDOWS\System32\OpenSSH\;C:\Program Files\NVIDIA Corporation\NVIDIA NvDLISR;C:\Program Files\dotnet\;C:\Program Files\Microsoft SQL Server\130\Tools\Binn\;C:\Program Files (x86)\NVIDIA Corporation\PhysX\Common;D:\Program Files\MATLAB\R2019b\bin;D:\cygwin\bin;C:\Program Files\Java\jdk1.7.0_40\bin;C:\Program Files\Calibre2\;C:\WINDOWS\system32;C:\WINDOWS;C:\WINDOWS\System32\Wbem;C:\WINDOWS\System32\WindowsPowerShell\v1.0\;C:\WINDOWS\System32\OpenSSH\;C:\Program Files\Java\jdk-15.0.2\bin;C:\Users\Utente\AppData\Local\Microsoft\WindowsApps;C:\Users\Utente\AppData\Local\GitHubDesktop\bin;C:\Users\Utente\.dotnet\tools; ;C:\Users\Utente\Desktop\eclipse-info3-2021-06;
USERNAME=Utente
OS=Windows_NT
PROCESSOR_IDENTIFIER=Intel64 Family 6 Model 158 Stepping 9, GenuineIntel



---------------  S Y S T E M  ---------------

OS:
 Windows 10 , 64 bit Build 19041 (10.0.19041.1645)
OS uptime: 1 days 20:47 hours

CPU: total 8 (initial active 8) (4 cores per cpu, 2 threads per core) family 6 model 158 stepping 9 microcode 0xb4, cmov, cx8, fxsr, mmx, sse, sse2, sse3, ssse3, sse4.1, sse4.2, popcnt, vzeroupper, avx, avx2, aes, clmul, erms, 3dnowpref, lzcnt, ht, tsc, tscinvbit, bmi1, bmi2, adx, fma, clflush, clflushopt

Memory: 4k page, system-wide physical 16268M (575M free)
TotalPageFile size 31288M (AvailPageFile size 66M)
current process WorkingSet (physical memory assigned to process): 343M, peak: 355M
current process commit charge ("private bytes"): 492M, peak: 566M

vm_info: OpenJDK 64-Bit Server VM (15.0.2+7-27) for windows-amd64 JRE (15.0.2+7-27), built on Dec  7 2020 20:02:38 by "mach5one" with unknown MS VC++:1925

END.
